{"meta": {"format": 3, "version": "7.11.3", "timestamp": "2025-11-14T01:34:27.817828", "branch_coverage": false, "show_contexts": false}, "files": {"api/__init__.py": {"executed_lines": [1], "summary": {"covered_lines": 0, "num_statements": 0, "percent_covered": 100.0, "percent_covered_display": "100", "missing_lines": 0, "excluded_lines": 0}, "missing_lines": [], "excluded_lines": [], "functions": {"": {"executed_lines": [1], "summary": {"covered_lines": 0, "num_statements": 0, "percent_covered": 100.0, "percent_covered_display": "100", "missing_lines": 0, "excluded_lines": 0}, "missing_lines": [], "excluded_lines": []}}, "classes": {"": {"executed_lines": [1], "summary": {"covered_lines": 0, "num_statements": 0, "percent_covered": 100.0, "percent_covered_display": "100", "missing_lines": 0, "excluded_lines": 0}, "missing_lines": [], "excluded_lines": []}}}, "api/rate_limit_decorator.py": {"executed_lines": [1, 8, 9, 11, 13, 16, 40, 41, 42, 44, 47, 51, 53, 55, 61, 64, 67, 99, 100, 103, 119, 120, 123, 126, 129, 136, 140, 141, 142], "summary": {"covered_lines": 28, "num_statements": 51, "percent_covered": 54.90196078431372, "percent_covered_display": "55", "missing_lines": 23, "excluded_lines": 0}, "missing_lines": [48, 65, 69, 71, 77, 78, 80, 81, 82, 83, 84, 85, 87, 88, 89, 90, 91, 93, 137, 138, 143, 144, 145], "excluded_lines": [], "functions": {"rate_limit": {"executed_lines": [40, 41, 100], "summary": {"covered_lines": 3, "num_statements": 3, "percent_covered": 100.0, "percent_covered_display": "100", "missing_lines": 0, "excluded_lines": 0}, "missing_lines": [], "excluded_lines": []}, "rate_limit.decorator": {"executed_lines": [42, 99], "summary": {"covered_lines": 2, "num_statements": 2, "percent_covered": 100.0, "percent_covered_display": "100", "missing_lines": 0, "excluded_lines": 0}, "missing_lines": [], "excluded_lines": []}, "rate_limit.decorator.decorated_function": {"executed_lines": [44, 47, 51, 53, 55, 61, 64, 67], "summary": {"covered_lines": 8, "num_statements": 26, "percent_covered": 30.76923076923077, "percent_covered_display": "31", "missing_lines": 18, "excluded_lines": 0}, "missing_lines": [48, 65, 69, 71, 77, 78, 80, 81, 82, 83, 84, 85, 87, 88, 89, 90, 91, 93], "excluded_lines": []}, "_extract_client_ip": {"executed_lines": [119, 120, 123, 126], "summary": {"covered_lines": 4, "num_statements": 4, "percent_covered": 100.0, "percent_covered_display": "100", "missing_lines": 0, "excluded_lines": 0}, "missing_lines": [], "excluded_lines": []}, "_get_rate_limit_service": {"executed_lines": [136, 140, 141, 142], "summary": {"covered_lines": 4, "num_statements": 9, "percent_covered": 44.44444444444444, "percent_covered_display": "44", "missing_lines": 5, "excluded_lines": 0}, "missing_lines": [137, 138, 143, 144, 145], "excluded_lines": []}, "": {"executed_lines": [1, 8, 9, 11, 13, 16, 103, 129], "summary": {"covered_lines": 7, "num_statements": 7, "percent_covered": 100.0, "percent_covered_display": "100", "missing_lines": 0, "excluded_lines": 0}, "missing_lines": [], "excluded_lines": []}}, "classes": {"": {"executed_lines": [1, 8, 9, 11, 13, 16, 40, 41, 42, 44, 47, 51, 53, 55, 61, 64, 67, 99, 100, 103, 119, 120, 123, 126, 129, 136, 140, 141, 142], "summary": {"covered_lines": 28, "num_statements": 51, "percent_covered": 54.90196078431372, "percent_covered_display": "55", "missing_lines": 23, "excluded_lines": 0}, "missing_lines": [48, 65, 69, 71, 77, 78, 80, 81, 82, 83, 84, 85, 87, 88, 89, 90, 91, 93, 137, 138, 143, 144, 145], "excluded_lines": []}}}, "api/v1/__init__.py": {"executed_lines": [1, 7, 9, 10, 13, 16, 19, 31, 34, 35, 36, 37], "summary": {"covered_lines": 11, "num_statements": 11, "percent_covered": 100.0, "percent_covered_display": "100", "missing_lines": 0, "excluded_lines": 0}, "missing_lines": [], "excluded_lines": [], "functions": {"": {"executed_lines": [1, 7, 9, 10, 13, 16, 19, 31, 34, 35, 36, 37], "summary": {"covered_lines": 11, "num_statements": 11, "percent_covered": 100.0, "percent_covered_display": "100", "missing_lines": 0, "excluded_lines": 0}, "missing_lines": [], "excluded_lines": []}}, "classes": {"": {"executed_lines": [1, 7, 9, 10, 13, 16, 19, 31, 34, 35, 36, 37], "summary": {"covered_lines": 11, "num_statements": 11, "percent_covered": 100.0, "percent_covered_display": "100", "missing_lines": 0, "excluded_lines": 0}, "missing_lines": [], "excluded_lines": []}}}, "api/v1/models.py": {"executed_lines": [1, 5, 7, 13, 24, 44, 56, 76, 87, 97, 109, 134, 143], "summary": {"covered_lines": 12, "num_statements": 12, "percent_covered": 100.0, "percent_covered_display": "100", "missing_lines": 0, "excluded_lines": 0}, "missing_lines": [], "excluded_lines": [], "functions": {"": {"executed_lines": [1, 5, 7, 13, 24, 44, 56, 76, 87, 97, 109, 134, 143], "summary": {"covered_lines": 12, "num_statements": 12, "percent_covered": 100.0, "percent_covered_display": "100", "missing_lines": 0, "excluded_lines": 0}, "missing_lines": [], "excluded_lines": []}}, "classes": {"": {"executed_lines": [1, 5, 7, 13, 24, 44, 56, 76, 87, 97, 109, 134, 143], "summary": {"covered_lines": 12, "num_statements": 12, "percent_covered": 100.0, "percent_covered_display": "100", "missing_lines": 0, "excluded_lines": 0}, "missing_lines": [], "excluded_lines": []}}}, "api/v1/namespaces.py": {"executed_lines": [1, 6, 7, 8, 9, 10, 11, 12, 13, 14, 15, 17, 18, 32, 35, 36, 37, 39, 40, 41, 42, 43, 44, 45, 52, 53, 55, 62, 64, 65, 69, 75, 77, 78, 96, 99, 100, 101, 102, 104, 105, 106, 107, 108, 115, 117, 118, 125, 127, 134, 136, 137, 156, 157, 158, 159, 160, 169, 171, 172, 180, 181, 189, 197, 198, 208, 209, 210, 237, 240, 241, 242, 244, 245, 246, 247, 248, 249, 250, 258, 259, 260, 262, 268, 275, 277, 278, 279, 286, 287, 290, 291, 293, 294, 295, 299, 301, 308, 309, 312, 313, 314, 317, 318, 319, 320, 323, 346, 347, 348, 350, 351, 352, 354, 356, 358, 374, 375, 376, 377, 379, 380, 381, 382, 383, 384, 385, 386, 394, 402, 410, 412, 414, 418, 421, 435, 446, 451, 453, 460, 461, 464, 469, 470, 473, 474, 477, 497, 500, 501, 502, 504, 505, 506, 507, 568, 582, 583, 586, 589, 592, 608, 613, 614, 615, 619, 620, 621, 624, 628, 633, 636, 643, 647, 648, 649], "summary": {"covered_lines": 170, "num_statements": 254, "percent_covered": 66.92913385826772, "percent_covered_display": "67", "missing_lines": 84, "excluded_lines": 0}, "missing_lines": [56, 67, 70, 83, 84, 85, 119, 128, 142, 143, 148, 149, 150, 173, 182, 183, 190, 199, 200, 202, 203, 204, 205, 212, 218, 219, 224, 225, 226, 263, 269, 326, 327, 330, 336, 339, 359, 360, 365, 366, 367, 395, 403, 422, 425, 428, 436, 439, 483, 486, 514, 524, 525, 526, 528, 529, 530, 531, 532, 535, 536, 538, 539, 542, 543, 544, 545, 547, 549, 550, 551, 554, 555, 557, 559, 560, 609, 625, 629, 644, 645, 650, 651, 652], "excluded_lines": [], "functions": {"VideoResolutions.post": {"executed_lines": [52, 53, 55, 62, 64, 65, 69, 75, 77, 78], "summary": {"covered_lines": 10, "num_statements": 16, "percent_covered": 62.5, "percent_covered_display": "62", "missing_lines": 6, "excluded_lines": 0}, "missing_lines": [56, 67, 70, 83, 84, 85], "excluded_lines": []}, "Job.get": {"executed_lines": [115, 117, 118, 125, 127, 134, 136, 137], "summary": {"covered_lines": 8, "num_statements": 15, "percent_covered": 53.333333333333336, "percent_covered_display": "53", "missing_lines": 7, "excluded_lines": 0}, "missing_lines": [119, 128, 142, 143, 148, 149, 150], "excluded_lines": []}, "Job.delete": {"executed_lines": [169, 171, 172, 180, 181, 189, 197, 198, 208, 209, 210], "summary": {"covered_lines": 11, "num_statements": 27, "percent_covered": 40.74074074074074, "percent_covered_display": "41", "missing_lines": 16, "excluded_lines": 0}, "missing_lines": [173, 182, 183, 190, 199, 200, 202, 203, 204, 205, 212, 218, 219, 224, 225, 226], "excluded_lines": []}, "Download.post": {"executed_lines": [258, 259, 260, 262, 268, 275, 277, 278, 279, 286, 287, 290, 291, 293, 294, 295, 299, 301, 308, 309, 312, 313, 314, 317, 318, 319, 320, 323, 346, 347, 348, 350, 351, 352, 354, 356, 358], "summary": {"covered_lines": 37, "num_statements": 49, "percent_covered": 75.51020408163265, "percent_covered_display": "76", "missing_lines": 12, "excluded_lines": 0}, "missing_lines": [263, 269, 326, 327, 330, 336, 339, 359, 360, 365, 366, 367], "excluded_lines": []}, "DownloadFile.get": {"executed_lines": [394, 402, 410, 412, 414, 418, 421, 435, 446, 451, 453, 460, 461, 464, 469, 470, 473, 474, 477], "summary": {"covered_lines": 19, "num_statements": 28, "percent_covered": 67.85714285714286, "percent_covered_display": "68", "missing_lines": 9, "excluded_lines": 0}, "missing_lines": [395, 403, 422, 425, 428, 436, 439, 483, 486], "excluded_lines": []}, "Health.get": {"executed_lines": [], "summary": {"covered_lines": 0, "num_statements": 26, "percent_covered": 0.0, "percent_covered_display": "0", "missing_lines": 26, "excluded_lines": 0}, "missing_lines": [514, 524, 525, 526, 528, 529, 530, 531, 532, 535, 536, 538, 539, 542, 543, 544, 545, 547, 549, 550, 551, 554, 555, 557, 559, 560], "excluded_lines": []}, "_extract_client_ip": {"executed_lines": [582, 583, 586, 589], "summary": {"covered_lines": 4, "num_statements": 4, "percent_covered": 100.0, "percent_covered_display": "100", "missing_lines": 0, "excluded_lines": 0}, "missing_lines": [], "excluded_lines": []}, "_determine_video_type": {"executed_lines": [608, 613, 614, 615, 619, 620, 621, 624, 628, 633], "summary": {"covered_lines": 10, "num_statements": 13, "percent_covered": 76.92307692307692, "percent_covered_display": "77", "missing_lines": 3, "excluded_lines": 0}, "missing_lines": [609, 625, 629], "excluded_lines": []}, "_get_rate_limit_service": {"executed_lines": [643, 647, 648, 649], "summary": {"covered_lines": 4, "num_statements": 9, "percent_covered": 44.44444444444444, "percent_covered_display": "44", "missing_lines": 5, "excluded_lines": 0}, "missing_lines": [644, 645, 650, 651, 652], "excluded_lines": []}, "": {"executed_lines": [1, 6, 7, 8, 9, 10, 11, 12, 13, 14, 15, 17, 18, 32, 35, 36, 37, 39, 40, 41, 42, 43, 44, 45, 96, 99, 100, 101, 102, 104, 105, 106, 107, 108, 156, 157, 158, 159, 160, 237, 240, 241, 242, 244, 245, 246, 247, 248, 249, 250, 374, 375, 376, 377, 379, 380, 381, 382, 383, 384, 385, 386, 497, 500, 501, 502, 504, 505, 506, 507, 568, 592, 636], "summary": {"covered_lines": 67, "num_statements": 67, "percent_covered": 100.0, "percent_covered_display": "100", "missing_lines": 0, "excluded_lines": 0}, "missing_lines": [], "excluded_lines": []}}, "classes": {"VideoResolutions": {"executed_lines": [52, 53, 55, 62, 64, 65, 69, 75, 77, 78], "summary": {"covered_lines": 10, "num_statements": 16, "percent_covered": 62.5, "percent_covered_display": "62", "missing_lines": 6, "excluded_lines": 0}, "missing_lines": [56, 67, 70, 83, 84, 85], "excluded_lines": []}, "Job": {"executed_lines": [115, 117, 118, 125, 127, 134, 136, 137, 169, 171, 172, 180, 181, 189, 197, 198, 208, 209, 210], "summary": {"covered_lines": 19, "num_statements": 42, "percent_covered": 45.23809523809524, "percent_covered_display": "45", "missing_lines": 23, "excluded_lines": 0}, "missing_lines": [119, 128, 142, 143, 148, 149, 150, 173, 182, 183, 190, 199, 200, 202, 203, 204, 205, 212, 218, 219, 224, 225, 226], "excluded_lines": []}, "Download": {"executed_lines": [258, 259, 260, 262, 268, 275, 277, 278, 279, 286, 287, 290, 291, 293, 294, 295, 299, 301, 308, 309, 312, 313, 314, 317, 318, 319, 320, 323, 346, 347, 348, 350, 351, 352, 354, 356, 358], "summary": {"covered_lines": 37, "num_statements": 49, "percent_covered": 75.51020408163265, "percent_covered_display": "76", "missing_lines": 12, "excluded_lines": 0}, "missing_lines": [263, 269, 326, 327, 330, 336, 339, 359, 360, 365, 366, 367], "excluded_lines": []}, "DownloadFile": {"executed_lines": [394, 402, 410, 412, 414, 418, 421, 435, 446, 451, 453, 460, 461, 464, 469, 470, 473, 474, 477], "summary": {"covered_lines": 19, "num_statements": 28, "percent_covered": 67.85714285714286, "percent_covered_display": "68", "missing_lines": 9, "excluded_lines": 0}, "missing_lines": [395, 403, 422, 425, 428, 436, 439, 483, 486], "excluded_lines": []}, "Health": {"executed_lines": [], "summary": {"covered_lines": 0, "num_statements": 26, "percent_covered": 0.0, "percent_covered_display": "0", "missing_lines": 26, "excluded_lines": 0}, "missing_lines": [514, 524, 525, 526, 528, 529, 530, 531, 532, 535, 536, 538, 539, 542, 543, 544, 545, 547, 549, 550, 551, 554, 555, 557, 559, 560], "excluded_lines": []}, "": {"executed_lines": [1, 6, 7, 8, 9, 10, 11, 12, 13, 14, 15, 17, 18, 32, 35, 36, 37, 39, 40, 41, 42, 43, 44, 45, 96, 99, 100, 101, 102, 104, 105, 106, 107, 108, 156, 157, 158, 159, 160, 237, 240, 241, 242, 244, 245, 246, 247, 248, 249, 250, 374, 375, 376, 377, 379, 380, 381, 382, 383, 384, 385, 386, 497, 500, 501, 502, 504, 505, 506, 507, 568, 582, 583, 586, 589, 592, 608, 613, 614, 615, 619, 620, 621, 624, 628, 633, 636, 643, 647, 648, 649], "summary": {"covered_lines": 85, "num_statements": 93, "percent_covered": 91.39784946236558, "percent_covered_display": "91", "missing_lines": 8, "excluded_lines": 0}, "missing_lines": [609, 625, 629, 644, 645, 650, 651, 652], "excluded_lines": []}}}, "app_factory.py": {"executed_lines": [1, 9, 10, 12, 13, 14, 15, 17, 18, 19, 20, 21, 22, 23, 24, 25, 26, 27, 28, 34, 35, 36, 37, 38, 39, 40, 41, 42, 43, 44, 45, 48, 49, 51, 52, 53, 54, 57, 58, 61, 64, 74, 75, 78, 81, 93, 94, 95, 98, 99, 102, 105, 108, 111, 114, 116, 119, 130, 131, 141, 145, 151, 153, 156, 163, 164, 172, 173, 175, 176, 178, 179, 180, 181, 182, 183, 184, 185, 186, 187, 190, 192, 204, 205, 206, 207, 208, 211, 219, 221, 222, 225, 226, 227, 230, 231, 234, 237, 238, 239, 240, 241, 242, 243, 248, 255, 262, 264, 267, 270, 273, 274, 275, 277, 278, 279, 282, 283, 284, 287, 288, 289, 290, 292, 293, 294, 295, 298, 299, 302, 303, 305, 312, 315, 316, 319, 320, 324, 325, 328, 329, 330, 333, 334, 337, 338, 341, 342, 343, 344, 345, 348, 351, 352, 353, 354, 356, 357, 358, 361, 362, 363, 364, 365, 366, 367, 368, 370, 380, 388, 390, 393, 394, 395, 398, 401, 404, 408, 410, 414, 422, 423, 424, 432, 442, 443, 444, 453, 454, 460, 461, 467, 472, 473, 477, 478], "summary": {"covered_lines": 194, "num_statements": 226, "percent_covered": 85.84070796460178, "percent_covered_display": "86", "missing_lines": 32, "excluded_lines": 0}, "missing_lines": [166, 188, 189, 198, 232, 244, 245, 246, 250, 251, 252, 372, 373, 374, 375, 376, 377, 405, 406, 446, 447, 448, 449, 450, 456, 457, 462, 463, 465, 468, 469, 475], "excluded_lines": [], "functions": {"AppConfig.__init__": {"executed_lines": [52, 53, 54, 57, 58, 61], "summary": {"covered_lines": 6, "num_statements": 6, "percent_covered": 100.0, "percent_covered_display": "100", "missing_lines": 0, "excluded_lines": 0}, "missing_lines": [], "excluded_lines": []}, "create_app": {"executed_lines": [74, 75, 78, 81, 93, 94, 95, 98, 99, 102, 105, 108, 111, 114, 116], "summary": {"covered_lines": 15, "num_statements": 15, "percent_covered": 100.0, "percent_covered_display": "100", "missing_lines": 0, "excluded_lines": 0}, "missing_lines": [], "excluded_lines": []}, "_create_rate_limiter": {"executed_lines": [130, 131, 141, 145, 151, 153], "summary": {"covered_lines": 6, "num_statements": 6, "percent_covered": 100.0, "percent_covered_display": "100", "missing_lines": 0, "excluded_lines": 0}, "missing_lines": [], "excluded_lines": []}, "_register_error_handlers": {"executed_lines": [163, 164, 172, 173], "summary": {"covered_lines": 4, "num_statements": 4, "percent_covered": 100.0, "percent_covered_display": "100", "missing_lines": 0, "excluded_lines": 0}, "missing_lines": [], "excluded_lines": []}, "_register_error_handlers.ratelimit_handler": {"executed_lines": [], "summary": {"covered_lines": 0, "num_statements": 1, "percent_covered": 0.0, "percent_covered_display": "0", "missing_lines": 1, "excluded_lines": 0}, "missing_lines": [166], "excluded_lines": []}, "_register_error_handlers.rate_limit_exceeded_handler": {"executed_lines": [175, 176, 178, 179, 180, 181, 182, 183, 184, 185, 186, 187, 190, 192, 204, 205, 206, 207, 208], "summary": {"covered_lines": 19, "num_statements": 22, "percent_covered": 86.36363636363636, "percent_covered_display": "86", "missing_lines": 3, "excluded_lines": 0}, "missing_lines": [188, 189, 198], "excluded_lines": []}, "_initialize_infrastructure": {"executed_lines": [219, 221, 222, 225, 226, 227, 230, 231, 234, 237, 238, 239, 240, 241, 242, 243, 248], "summary": {"covered_lines": 17, "num_statements": 24, "percent_covered": 70.83333333333333, "percent_covered_display": "71", "missing_lines": 7, "excluded_lines": 0}, "missing_lines": [232, 244, 245, 246, 250, 251, 252], "excluded_lines": []}, "_initialize_services": {"executed_lines": [262, 264, 267, 270, 273, 274, 275, 277, 278, 279, 282, 283, 284, 287, 288, 289, 290, 292, 293, 294, 295, 298, 299, 302, 303, 305, 312, 315, 316, 319, 320, 324, 325, 328, 329, 330, 333, 334, 337, 338, 341, 342, 343, 344, 345, 348, 351, 352, 353, 354, 356, 357, 358, 361, 362, 363, 364, 365, 366, 367, 368, 370], "summary": {"covered_lines": 62, "num_statements": 68, "percent_covered": 91.17647058823529, "percent_covered_display": "91", "missing_lines": 6, "excluded_lines": 0}, "missing_lines": [372, 373, 374, 375, 376, 377], "excluded_lines": []}, "_register_blueprints": {"executed_lines": [388, 390, 393, 394, 395, 398, 401, 404, 408, 410], "summary": {"covered_lines": 10, "num_statements": 12, "percent_covered": 83.33333333333333, "percent_covered_display": "83", "missing_lines": 2, "excluded_lines": 0}, "missing_lines": [405, 406], "excluded_lines": []}, "_register_health_endpoint": {"executed_lines": [422, 423, 424], "summary": {"covered_lines": 3, "num_statements": 3, "percent_covered": 100.0, "percent_covered_display": "100", "missing_lines": 0, "excluded_lines": 0}, "missing_lines": [], "excluded_lines": []}, "_register_health_endpoint.health": {"executed_lines": [432, 442, 443, 444, 453, 454, 460, 461, 467, 472, 473, 477, 478], "summary": {"covered_lines": 13, "num_statements": 26, "percent_covered": 50.0, "percent_covered_display": "50", "missing_lines": 13, "excluded_lines": 0}, "missing_lines": [446, 447, 448, 449, 450, 456, 457, 462, 463, 465, 468, 469, 475], "excluded_lines": []}, "": {"executed_lines": [1, 9, 10, 12, 13, 14, 15, 17, 18, 19, 20, 21, 22, 23, 24, 25, 26, 27, 28, 34, 35, 36, 37, 38, 39, 40, 41, 42, 43, 44, 45, 48, 49, 51, 64, 119, 156, 211, 255, 380, 414], "summary": {"covered_lines": 39, "num_statements": 39, "percent_covered": 100.0, "percent_covered_display": "100", "missing_lines": 0, "excluded_lines": 0}, "missing_lines": [], "excluded_lines": []}}, "classes": {"AppConfig": {"executed_lines": [52, 53, 54, 57, 58, 61], "summary": {"covered_lines": 6, "num_statements": 6, "percent_covered": 100.0, "percent_covered_display": "100", "missing_lines": 0, "excluded_lines": 0}, "missing_lines": [], "excluded_lines": []}, "": {"executed_lines": [1, 9, 10, 12, 13, 14, 15, 17, 18, 19, 20, 21, 22, 23, 24, 25, 26, 27, 28, 34, 35, 36, 37, 38, 39, 40, 41, 42, 43, 44, 45, 48, 49, 51, 64, 74, 75, 78, 81, 93, 94, 95, 98, 99, 102, 105, 108, 111, 114, 116, 119, 130, 131, 141, 145, 151, 153, 156, 163, 164, 172, 173, 175, 176, 178, 179, 180, 181, 182, 183, 184, 185, 186, 187, 190, 192, 204, 205, 206, 207, 208, 211, 219, 221, 222, 225, 226, 227, 230, 231, 234, 237, 238, 239, 240, 241, 242, 243, 248, 255, 262, 264, 267, 270, 273, 274, 275, 277, 278, 279, 282, 283, 284, 287, 288, 289, 290, 292, 293, 294, 295, 298, 299, 302, 303, 305, 312, 315, 316, 319, 320, 324, 325, 328, 329, 330, 333, 334, 337, 338, 341, 342, 343, 344, 345, 348, 351, 352, 353, 354, 356, 357, 358, 361, 362, 363, 364, 365, 366, 367, 368, 370, 380, 388, 390, 393, 394, 395, 398, 401, 404, 408, 410, 414, 422, 423, 424, 432, 442, 443, 444, 453, 454, 460, 461, 467, 472, 473, 477, 478], "summary": {"covered_lines": 188, "num_statements": 220, "percent_covered": 85.45454545454545, "percent_covered_display": "85", "missing_lines": 32, "excluded_lines": 0}, "missing_lines": [166, 188, 189, 198, 232, 244, 245, 246, 250, 251, 252, 372, 373, 374, 375, 376, 377, 405, 406, 446, 447, 448, 449, 450, 456, 457, 462, 463, 465, 468, 469, 475], "excluded_lines": []}}}, "application/__init__.py": {"executed_lines": [1, 7, 8, 9, 10, 17], "summary": {"covered_lines": 5, "num_statements": 5, "percent_covered": 100.0, "percent_covered_display": "100", "missing_lines": 0, "excluded_lines": 0}, "missing_lines": [], "excluded_lines": [], "functions": {"": {"executed_lines": [1, 7, 8, 9, 10, 17], "summary": {"covered_lines": 5, "num_statements": 5, "percent_covered": 100.0, "percent_covered_display": "100", "missing_lines": 0, "excluded_lines": 0}, "missing_lines": [], "excluded_lines": []}}, "classes": {"": {"executed_lines": [1, 7, 8, 9, 10, 17], "summary": {"covered_lines": 5, "num_statements": 5, "percent_covered": 100.0, "percent_covered_display": "100", "missing_lines": 0, "excluded_lines": 0}, "missing_lines": [], "excluded_lines": []}}}, "application/dependency_container.py": {"executed_lines": [1, 8, 9, 10, 12, 14, 17, 18, 19, 22, 23, 30, 32, 33, 34, 35, 36, 38, 49, 50, 51, 53, 67, 68, 69, 71, 88, 90, 91, 92, 95, 96, 97, 100, 101, 102, 107, 112, 114, 127, 128, 129, 131, 137, 138, 139, 141, 151, 152, 158, 168, 169, 170, 171, 172, 173, 174, 175], "summary": {"covered_lines": 55, "num_statements": 55, "percent_covered": 100.0, "percent_covered_display": "100", "missing_lines": 0, "excluded_lines": 0}, "missing_lines": [], "excluded_lines": [], "functions": {"DependencyContainer.__init__": {"executed_lines": [32, 33, 34, 35, 36], "summary": {"covered_lines": 5, "num_statements": 5, "percent_covered": 100.0, "percent_covered_display": "100", "missing_lines": 0, "excluded_lines": 0}, "missing_lines": [], "excluded_lines": []}, "DependencyContainer.register_singleton": {"executed_lines": [49, 50, 51], "summary": {"covered_lines": 3, "num_statements": 3, "percent_covered": 100.0, "percent_covered_display": "100", "missing_lines": 0, "excluded_lines": 0}, "missing_lines": [], "excluded_lines": []}, "DependencyContainer.register_transient": {"executed_lines": [67, 68, 69], "summary": {"covered_lines": 3, "num_statements": 3, "percent_covered": 100.0, "percent_covered_display": "100", "missing_lines": 0, "excluded_lines": 0}, "missing_lines": [], "excluded_lines": []}, "DependencyContainer.resolve": {"executed_lines": [88, 90, 91, 92, 95, 96, 97, 100, 101, 102, 107, 112], "summary": {"covered_lines": 12, "num_statements": 12, "percent_covered": 100.0, "percent_covered_display": "100", "missing_lines": 0, "excluded_lines": 0}, "missing_lines": [], "excluded_lines": []}, "DependencyContainer.override": {"executed_lines": [127, 128, 129], "summary": {"covered_lines": 3, "num_statements": 3, "percent_covered": 100.0, "percent_covered_display": "100", "missing_lines": 0, "excluded_lines": 0}, "missing_lines": [], "excluded_lines": []}, "DependencyContainer.clear_overrides": {"executed_lines": [137, 138, 139], "summary": {"covered_lines": 3, "num_statements": 3, "percent_covered": 100.0, "percent_covered_display": "100", "missing_lines": 0, "excluded_lines": 0}, "missing_lines": [], "excluded_lines": []}, "DependencyContainer.is_registered": {"executed_lines": [151, 152], "summary": {"covered_lines": 2, "num_statements": 2, "percent_covered": 100.0, "percent_covered_display": "100", "missing_lines": 0, "excluded_lines": 0}, "missing_lines": [], "excluded_lines": []}, "DependencyContainer.get_registration_type": {"executed_lines": [168, 169, 170, 171, 172, 173, 174, 175], "summary": {"covered_lines": 8, "num_statements": 8, "percent_covered": 100.0, "percent_covered_display": "100", "missing_lines": 0, "excluded_lines": 0}, "missing_lines": [], "excluded_lines": []}, "": {"executed_lines": [1, 8, 9, 10, 12, 14, 17, 18, 19, 22, 23, 30, 38, 53, 71, 114, 131, 141, 158], "summary": {"covered_lines": 16, "num_statements": 16, "percent_covered": 100.0, "percent_covered_display": "100", "missing_lines": 0, "excluded_lines": 0}, "missing_lines": [], "excluded_lines": []}}, "classes": {"DependencyNotFoundError": {"executed_lines": [], "summary": {"covered_lines": 0, "num_statements": 0, "percent_covered": 100.0, "percent_covered_display": "100", "missing_lines": 0, "excluded_lines": 0}, "missing_lines": [], "excluded_lines": []}, "DependencyContainer": {"executed_lines": [32, 33, 34, 35, 36, 49, 50, 51, 67, 68, 69, 88, 90, 91, 92, 95, 96, 97, 100, 101, 102, 107, 112, 127, 128, 129, 137, 138, 139, 151, 152, 168, 169, 170, 171, 172, 173, 174, 175], "summary": {"covered_lines": 39, "num_statements": 39, "percent_covered": 100.0, "percent_covered_display": "100", "missing_lines": 0, "excluded_lines": 0}, "missing_lines": [], "excluded_lines": []}, "": {"executed_lines": [1, 8, 9, 10, 12, 14, 17, 18, 19, 22, 23, 30, 38, 53, 71, 114, 131, 141, 158], "summary": {"covered_lines": 16, "num_statements": 16, "percent_covered": 100.0, "percent_covered_display": "100", "missing_lines": 0, "excluded_lines": 0}, "missing_lines": [], "excluded_lines": []}}}, "application/download_result.py": {"executed_lines": [1, 7, 8, 10, 11, 14, 15, 16, 22, 23, 24, 25, 26, 28, 29, 40, 46, 47, 64, 71, 78], "summary": {"covered_lines": 19, "num_statements": 19, "percent_covered": 100.0, "percent_covered_display": "100", "missing_lines": 0, "excluded_lines": 0}, "missing_lines": [], "excluded_lines": [], "functions": {"DownloadResult.create_success": {"executed_lines": [40], "summary": {"covered_lines": 1, "num_statements": 1, "percent_covered": 100.0, "percent_covered_display": "100", "missing_lines": 0, "excluded_lines": 0}, "missing_lines": [], "excluded_lines": []}, "DownloadResult.create_failure": {"executed_lines": [64], "summary": {"covered_lines": 1, "num_statements": 1, "percent_covered": 100.0, "percent_covered_display": "100", "missing_lines": 0, "excluded_lines": 0}, "missing_lines": [], "excluded_lines": []}, "DownloadResult.to_dict": {"executed_lines": [78], "summary": {"covered_lines": 1, "num_statements": 1, "percent_covered": 100.0, "percent_covered_display": "100", "missing_lines": 0, "excluded_lines": 0}, "missing_lines": [], "excluded_lines": []}, "": {"executed_lines": [1, 7, 8, 10, 11, 14, 15, 16, 22, 23, 24, 25, 26, 28, 29, 46, 47, 71], "summary": {"covered_lines": 16, "num_statements": 16, "percent_covered": 100.0, "percent_covered_display": "100", "missing_lines": 0, "excluded_lines": 0}, "missing_lines": [], "excluded_lines": []}}, "classes": {"DownloadResult": {"executed_lines": [40, 64, 78], "summary": {"covered_lines": 3, "num_statements": 3, "percent_covered": 100.0, "percent_covered_display": "100", "missing_lines": 0, "excluded_lines": 0}, "missing_lines": [], "excluded_lines": []}, "": {"executed_lines": [1, 7, 8, 10, 11, 14, 15, 16, 22, 23, 24, 25, 26, 28, 29, 46, 47, 71], "summary": {"covered_lines": 16, "num_statements": 16, "percent_covered": 100.0, "percent_covered_display": "100", "missing_lines": 0, "excluded_lines": 0}, "missing_lines": [], "excluded_lines": []}}}, "application/download_service.py": {"executed_lines": [1, 8, 9, 10, 11, 12, 14, 15, 21, 22, 23, 24, 25, 26, 27, 29, 30, 32, 35, 36, 44, 62, 63, 64, 65, 66, 68, 95, 97, 100, 105, 110, 112, 113, 115, 117, 119, 131, 134, 137, 143, 145, 147, 169, 172, 173, 175, 178, 180, 181, 183, 185, 186, 189, 190, 195, 196, 197, 198, 200, 201, 205, 208, 215, 218, 223, 226, 227, 250, 287, 289, 292, 293, 296, 297, 300, 301, 304, 305, 309, 310, 312, 327, 330, 337, 338, 340, 358, 366, 369, 370, 372, 374, 391, 394, 401, 407, 409, 411, 423, 424, 425, 427, 428, 431, 432, 436, 439, 445, 446, 459, 465, 467], "summary": {"covered_lines": 111, "num_statements": 137, "percent_covered": 81.02189781021897, "percent_covered_display": "81", "missing_lines": 26, "excluded_lines": 0}, "missing_lines": [192, 199, 203, 229, 231, 232, 235, 240, 243, 244, 246, 247, 342, 343, 344, 348, 351, 352, 353, 354, 355, 451, 452, 454, 455, 456], "excluded_lines": [], "functions": {"DownloadService.__init__": {"executed_lines": [62, 63, 64, 65, 66], "summary": {"covered_lines": 5, "num_statements": 5, "percent_covered": 100.0, "percent_covered_display": "100", "missing_lines": 0, "excluded_lines": 0}, "missing_lines": [], "excluded_lines": []}, "DownloadService.execute_download": {"executed_lines": [95, 97, 100, 105, 110, 112, 113, 115, 117], "summary": {"covered_lines": 9, "num_statements": 9, "percent_covered": 100.0, "percent_covered_display": "100", "missing_lines": 0, "excluded_lines": 0}, "missing_lines": [], "excluded_lines": []}, "DownloadService._start_job": {"executed_lines": [131, 134, 137, 143, 145], "summary": {"covered_lines": 5, "num_statements": 5, "percent_covered": 100.0, "percent_covered_display": "100", "missing_lines": 0, "excluded_lines": 0}, "missing_lines": [], "excluded_lines": []}, "DownloadService._download_video": {"executed_lines": [169, 172, 173, 175, 178, 250, 287, 289, 292, 293, 296, 297, 300, 301, 304, 305, 309, 310], "summary": {"covered_lines": 18, "num_statements": 18, "percent_covered": 100.0, "percent_covered_display": "100", "missing_lines": 0, "excluded_lines": 0}, "missing_lines": [], "excluded_lines": []}, "DownloadService._download_video.progress_hook": {"executed_lines": [180, 181, 183, 185, 186, 189, 190, 195, 196, 197, 198, 200, 201, 205, 208, 215, 218, 223, 226, 227], "summary": {"covered_lines": 20, "num_statements": 32, "percent_covered": 62.5, "percent_covered_display": "62", "missing_lines": 12, "excluded_lines": 0}, "missing_lines": [192, 199, 203, 229, 231, 232, 235, 240, 243, 244, 246, 247], "excluded_lines": []}, "DownloadService._store_file": {"executed_lines": [327, 330, 337, 338, 340, 358, 366, 369, 370, 372], "summary": {"covered_lines": 10, "num_statements": 19, "percent_covered": 52.63157894736842, "percent_covered_display": "53", "missing_lines": 9, "excluded_lines": 0}, "missing_lines": [342, 343, 344, 348, 351, 352, 353, 354, 355], "excluded_lines": []}, "DownloadService._complete_job": {"executed_lines": [391, 394, 401, 407, 409], "summary": {"covered_lines": 5, "num_statements": 5, "percent_covered": 100.0, "percent_covered_display": "100", "missing_lines": 0, "excluded_lines": 0}, "missing_lines": [], "excluded_lines": []}, "DownloadService._handle_error": {"executed_lines": [423, 424, 425, 427, 428, 431, 432, 436, 439, 445, 446, 459, 465, 467], "summary": {"covered_lines": 14, "num_statements": 19, "percent_covered": 73.6842105263158, "percent_covered_display": "74", "missing_lines": 5, "excluded_lines": 0}, "missing_lines": [451, 452, 454, 455, 456], "excluded_lines": []}, "": {"executed_lines": [1, 8, 9, 10, 11, 12, 14, 15, 21, 22, 23, 24, 25, 26, 27, 29, 30, 32, 35, 36, 44, 68, 119, 147, 312, 374, 411], "summary": {"covered_lines": 25, "num_statements": 25, "percent_covered": 100.0, "percent_covered_display": "100", "missing_lines": 0, "excluded_lines": 0}, "missing_lines": [], "excluded_lines": []}}, "classes": {"DownloadService": {"executed_lines": [62, 63, 64, 65, 66, 95, 97, 100, 105, 110, 112, 113, 115, 117, 131, 134, 137, 143, 145, 169, 172, 173, 175, 178, 180, 181, 183, 185, 186, 189, 190, 195, 196, 197, 198, 200, 201, 205, 208, 215, 218, 223, 226, 227, 250, 287, 289, 292, 293, 296, 297, 300, 301, 304, 305, 309, 310, 327, 330, 337, 338, 340, 358, 366, 369, 370, 372, 391, 394, 401, 407, 409, 423, 424, 425, 427, 428, 431, 432, 436, 439, 445, 446, 459, 465, 467], "summary": {"covered_lines": 86, "num_statements": 112, "percent_covered": 76.78571428571429, "percent_covered_display": "77", "missing_lines": 26, "excluded_lines": 0}, "missing_lines": [192, 199, 203, 229, 231, 232, 235, 240, 243, 244, 246, 247, 342, 343, 344, 348, 351, 352, 353, 354, 355, 451, 452, 454, 455, 456], "excluded_lines": []}, "": {"executed_lines": [1, 8, 9, 10, 11, 12, 14, 15, 21, 22, 23, 24, 25, 26, 27, 29, 30, 32, 35, 36, 44, 68, 119, 147, 312, 374, 411], "summary": {"covered_lines": 25, "num_statements": 25, "percent_covered": 100.0, "percent_covered_display": "100", "missing_lines": 0, "excluded_lines": 0}, "missing_lines": [], "excluded_lines": []}}}, "application/event_publisher.py": {"executed_lines": [1, 8, 9, 10, 12, 14, 17, 18, 29, 31, 32, 34, 50, 51, 52, 54, 55, 59, 79, 81, 82, 84, 85, 86, 88, 92, 93, 94, 95, 97], "summary": {"covered_lines": 28, "num_statements": 28, "percent_covered": 100.0, "percent_covered_display": "100", "missing_lines": 0, "excluded_lines": 0}, "missing_lines": [], "excluded_lines": [], "functions": {"EventPublisher.__init__": {"executed_lines": [31, 32], "summary": {"covered_lines": 2, "num_statements": 2, "percent_covered": 100.0, "percent_covered_display": "100", "missing_lines": 0, "excluded_lines": 0}, "missing_lines": [], "excluded_lines": []}, "EventPublisher.subscribe": {"executed_lines": [50, 51, 52, 54, 55], "summary": {"covered_lines": 5, "num_statements": 5, "percent_covered": 100.0, "percent_covered_display": "100", "missing_lines": 0, "excluded_lines": 0}, "missing_lines": [], "excluded_lines": []}, "EventPublisher.publish": {"executed_lines": [79, 81, 82, 84, 85, 86, 88, 92, 93, 94, 95, 97], "summary": {"covered_lines": 12, "num_statements": 12, "percent_covered": 100.0, "percent_covered_display": "100", "missing_lines": 0, "excluded_lines": 0}, "missing_lines": [], "excluded_lines": []}, "": {"executed_lines": [1, 8, 9, 10, 12, 14, 17, 18, 29, 34, 59], "summary": {"covered_lines": 9, "num_statements": 9, "percent_covered": 100.0, "percent_covered_display": "100", "missing_lines": 0, "excluded_lines": 0}, "missing_lines": [], "excluded_lines": []}}, "classes": {"EventPublisher": {"executed_lines": [31, 32, 50, 51, 52, 54, 55, 79, 81, 82, 84, 85, 86, 88, 92, 93, 94, 95, 97], "summary": {"covered_lines": 19, "num_statements": 19, "percent_covered": 100.0, "percent_covered_display": "100", "missing_lines": 0, "excluded_lines": 0}, "missing_lines": [], "excluded_lines": []}, "": {"executed_lines": [1, 8, 9, 10, 12, 14, 17, 18, 29, 34, 59], "summary": {"covered_lines": 9, "num_statements": 9, "percent_covered": 100.0, "percent_covered_display": "100", "missing_lines": 0, "excluded_lines": 0}, "missing_lines": [], "excluded_lines": []}}}, "application/job_service.py": {"executed_lines": [1, 7, 8, 9, 11, 12, 20, 23, 24, 30, 38, 39, 41, 55, 56, 58, 60, 62, 67, 68, 69, 71, 84, 85, 86, 87, 88, 89, 90, 91, 93, 107, 108, 110, 112, 114, 115, 116, 117, 119, 143, 144, 148, 150, 151, 157, 158, 159, 160, 161, 162, 163, 165, 188, 189, 191, 195, 197, 198, 199, 200, 202, 216, 217, 219, 221, 222, 223, 224, 225, 226, 227, 229, 239, 240, 241, 243, 244, 246, 247, 248, 249, 251, 261, 262, 265, 266, 267, 270, 271, 272, 273, 275, 276, 277, 280, 282, 283, 285, 287, 288, 289, 290], "summary": {"covered_lines": 101, "num_statements": 102, "percent_covered": 99.01960784313725, "percent_covered_display": "99", "missing_lines": 1, "excluded_lines": 0}, "missing_lines": [155], "excluded_lines": [], "functions": {"JobService.__init__": {"executed_lines": [38, 39], "summary": {"covered_lines": 2, "num_statements": 2, "percent_covered": 100.0, "percent_covered_display": "100", "missing_lines": 0, "excluded_lines": 0}, "missing_lines": [], "excluded_lines": []}, "JobService.create_download_job": {"executed_lines": [55, 56, 58, 60, 62, 67, 68, 69], "summary": {"covered_lines": 8, "num_statements": 8, "percent_covered": 100.0, "percent_covered_display": "100", "missing_lines": 0, "excluded_lines": 0}, "missing_lines": [], "excluded_lines": []}, "JobService.get_job_status": {"executed_lines": [84, 85, 86, 87, 88, 89, 90, 91], "summary": {"covered_lines": 8, "num_statements": 8, "percent_covered": 100.0, "percent_covered_display": "100", "missing_lines": 0, "excluded_lines": 0}, "missing_lines": [], "excluded_lines": []}, "JobService.start_job": {"executed_lines": [107, 108, 110, 112, 114, 115, 116, 117], "summary": {"covered_lines": 8, "num_statements": 8, "percent_covered": 100.0, "percent_covered_display": "100", "missing_lines": 0, "excluded_lines": 0}, "missing_lines": [], "excluded_lines": []}, "JobService.update_progress": {"executed_lines": [143, 144, 148, 150, 151, 157, 158, 159, 160, 161, 162, 163], "summary": {"covered_lines": 12, "num_statements": 13, "percent_covered": 92.3076923076923, "percent_covered_display": "92", "missing_lines": 1, "excluded_lines": 0}, "missing_lines": [155], "excluded_lines": []}, "JobService.complete_job": {"executed_lines": [188, 189, 191, 195, 197, 198, 199, 200], "summary": {"covered_lines": 8, "num_statements": 8, "percent_covered": 100.0, "percent_covered_display": "100", "missing_lines": 0, "excluded_lines": 0}, "missing_lines": [], "excluded_lines": []}, "JobService.fail_job": {"executed_lines": [216, 217, 219, 221, 222, 223, 224, 225, 226, 227], "summary": {"covered_lines": 10, "num_statements": 10, "percent_covered": 100.0, "percent_covered_display": "100", "missing_lines": 0, "excluded_lines": 0}, "missing_lines": [], "excluded_lines": []}, "JobService.cleanup_expired_jobs": {"executed_lines": [239, 240, 241, 243, 244, 246, 247, 248, 249], "summary": {"covered_lines": 9, "num_statements": 9, "percent_covered": 100.0, "percent_covered_display": "100", "missing_lines": 0, "excluded_lines": 0}, "missing_lines": [], "excluded_lines": []}, "JobService.delete_job": {"executed_lines": [261, 262, 265, 266, 267, 270, 271, 272, 273, 275, 276, 277, 280, 282, 283, 285, 287, 288, 289, 290], "summary": {"covered_lines": 20, "num_statements": 20, "percent_covered": 100.0, "percent_covered_display": "100", "missing_lines": 0, "excluded_lines": 0}, "missing_lines": [], "excluded_lines": []}, "": {"executed_lines": [1, 7, 8, 9, 11, 12, 20, 23, 24, 30, 41, 71, 93, 119, 165, 202, 229, 251], "summary": {"covered_lines": 16, "num_statements": 16, "percent_covered": 100.0, "percent_covered_display": "100", "missing_lines": 0, "excluded_lines": 0}, "missing_lines": [], "excluded_lines": []}}, "classes": {"JobService": {"executed_lines": [38, 39, 55, 56, 58, 60, 62, 67, 68, 69, 84, 85, 86, 87, 88, 89, 90, 91, 107, 108, 110, 112, 114, 115, 116, 117, 143, 144, 148, 150, 151, 157, 158, 159, 160, 161, 162, 163, 188, 189, 191, 195, 197, 198, 199, 200, 216, 217, 219, 221, 222, 223, 224, 225, 226, 227, 239, 240, 241, 243, 244, 246, 247, 248, 249, 261, 262, 265, 266, 267, 270, 271, 272, 273, 275, 276, 277, 280, 282, 283, 285, 287, 288, 289, 290], "summary": {"covered_lines": 85, "num_statements": 86, "percent_covered": 98.83720930232558, "percent_covered_display": "99", "missing_lines": 1, "excluded_lines": 0}, "missing_lines": [155], "excluded_lines": []}, "": {"executed_lines": [1, 7, 8, 9, 11, 12, 20, 23, 24, 30, 41, 71, 93, 119, 165, 202, 229, 251], "summary": {"covered_lines": 16, "num_statements": 16, "percent_covered": 100.0, "percent_covered_display": "100", "missing_lines": 0, "excluded_lines": 0}, "missing_lines": [], "excluded_lines": []}}}, "application/rate_limit_service.py": {"executed_lines": [1, 9, 11, 12, 13, 14, 17, 18, 26, 38, 39, 41, 64, 65, 67, 68, 71, 81, 82, 85, 94, 96, 114, 115, 118, 119, 121, 122, 128, 130, 149, 150, 152, 154, 176, 183, 185, 198, 204, 206], "summary": {"covered_lines": 38, "num_statements": 38, "percent_covered": 100.0, "percent_covered_display": "100", "missing_lines": 0, "excluded_lines": 0}, "missing_lines": [], "excluded_lines": [], "functions": {"RateLimitService.__init__": {"executed_lines": [38, 39], "summary": {"covered_lines": 2, "num_statements": 2, "percent_covered": 100.0, "percent_covered_display": "100", "missing_lines": 0, "excluded_lines": 0}, "missing_lines": [], "excluded_lines": []}, "RateLimitService.check_download_limits": {"executed_lines": [64, 65, 67, 68, 71, 81, 82, 85, 94], "summary": {"covered_lines": 9, "num_statements": 9, "percent_covered": 100.0, "percent_covered_display": "100", "missing_lines": 0, "excluded_lines": 0}, "missing_lines": [], "excluded_lines": []}, "RateLimitService.check_endpoint_limit": {"executed_lines": [114, 115, 118, 119, 121, 122, 128], "summary": {"covered_lines": 7, "num_statements": 7, "percent_covered": 100.0, "percent_covered_display": "100", "missing_lines": 0, "excluded_lines": 0}, "missing_lines": [], "excluded_lines": []}, "RateLimitService.get_most_restrictive_entity": {"executed_lines": [149, 150, 152], "summary": {"covered_lines": 3, "num_statements": 3, "percent_covered": 100.0, "percent_covered_display": "100", "missing_lines": 0, "excluded_lines": 0}, "missing_lines": [], "excluded_lines": []}, "RateLimitService._check_and_increment": {"executed_lines": [176, 183], "summary": {"covered_lines": 2, "num_statements": 2, "percent_covered": 100.0, "percent_covered_display": "100", "missing_lines": 0, "excluded_lines": 0}, "missing_lines": [], "excluded_lines": []}, "RateLimitService._get_video_type_limit": {"executed_lines": [198, 204, 206], "summary": {"covered_lines": 3, "num_statements": 3, "percent_covered": 100.0, "percent_covered_display": "100", "missing_lines": 0, "excluded_lines": 0}, "missing_lines": [], "excluded_lines": []}, "": {"executed_lines": [1, 9, 11, 12, 13, 14, 17, 18, 26, 41, 96, 130, 154, 185], "summary": {"covered_lines": 12, "num_statements": 12, "percent_covered": 100.0, "percent_covered_display": "100", "missing_lines": 0, "excluded_lines": 0}, "missing_lines": [], "excluded_lines": []}}, "classes": {"RateLimitService": {"executed_lines": [38, 39, 64, 65, 67, 68, 71, 81, 82, 85, 94, 114, 115, 118, 119, 121, 122, 128, 149, 150, 152, 176, 183, 198, 204, 206], "summary": {"covered_lines": 26, "num_statements": 26, "percent_covered": 100.0, "percent_covered_display": "100", "missing_lines": 0, "excluded_lines": 0}, "missing_lines": [], "excluded_lines": []}, "": {"executed_lines": [1, 9, 11, 12, 13, 14, 17, 18, 26, 41, 96, 130, 154, 185], "summary": {"covered_lines": 12, "num_statements": 12, "percent_covered": 100.0, "percent_covered_display": "100", "missing_lines": 0, "excluded_lines": 0}, "missing_lines": [], "excluded_lines": []}}}, "application/service_locator.py": {"executed_lines": [1, 10, 11, 13, 15, 17, 19, 22, 23, 24, 27, 41, 43, 44, 49, 51, 52, 58, 59, 60, 62, 63, 64, 68, 70, 71, 75, 76, 77, 82, 102, 103, 106, 126, 127, 130, 151, 152, 155, 175, 176], "summary": {"covered_lines": 39, "num_statements": 39, "percent_covered": 100.0, "percent_covered_display": "100", "missing_lines": 0, "excluded_lines": 0}, "missing_lines": [], "excluded_lines": [], "functions": {"_get_service": {"executed_lines": [41, 43, 44, 49, 51, 52, 58, 59, 60, 62, 63, 64, 68, 70, 71, 75, 76, 77], "summary": {"covered_lines": 18, "num_statements": 18, "percent_covered": 100.0, "percent_covered_display": "100", "missing_lines": 0, "excluded_lines": 0}, "missing_lines": [], "excluded_lines": []}, "get_download_service": {"executed_lines": [102, 103], "summary": {"covered_lines": 2, "num_statements": 2, "percent_covered": 100.0, "percent_covered_display": "100", "missing_lines": 0, "excluded_lines": 0}, "missing_lines": [], "excluded_lines": []}, "get_job_service": {"executed_lines": [126, 127], "summary": {"covered_lines": 2, "num_statements": 2, "percent_covered": 100.0, "percent_covered_display": "100", "missing_lines": 0, "excluded_lines": 0}, "missing_lines": [], "excluded_lines": []}, "get_video_service": {"executed_lines": [151, 152], "summary": {"covered_lines": 2, "num_statements": 2, "percent_covered": 100.0, "percent_covered_display": "100", "missing_lines": 0, "excluded_lines": 0}, "missing_lines": [], "excluded_lines": []}, "get_file_manager": {"executed_lines": [175, 176], "summary": {"covered_lines": 2, "num_statements": 2, "percent_covered": 100.0, "percent_covered_display": "100", "missing_lines": 0, "excluded_lines": 0}, "missing_lines": [], "excluded_lines": []}, "": {"executed_lines": [1, 10, 11, 13, 15, 17, 19, 22, 23, 24, 27, 82, 106, 130, 155], "summary": {"covered_lines": 13, "num_statements": 13, "percent_covered": 100.0, "percent_covered_display": "100", "missing_lines": 0, "excluded_lines": 0}, "missing_lines": [], "excluded_lines": []}}, "classes": {"ServiceNotAvailableError": {"executed_lines": [], "summary": {"covered_lines": 0, "num_statements": 0, "percent_covered": 100.0, "percent_covered_display": "100", "missing_lines": 0, "excluded_lines": 0}, "missing_lines": [], "excluded_lines": []}, "": {"executed_lines": [1, 10, 11, 13, 15, 17, 19, 22, 23, 24, 27, 41, 43, 44, 49, 51, 52, 58, 59, 60, 62, 63, 64, 68, 70, 71, 75, 76, 77, 82, 102, 103, 106, 126, 127, 130, 151, 152, 155, 175, 176], "summary": {"covered_lines": 39, "num_statements": 39, "percent_covered": 100.0, "percent_covered_display": "100", "missing_lines": 0, "excluded_lines": 0}, "missing_lines": [], "excluded_lines": []}}}, "application/video_service.py": {"executed_lines": [1, 7, 8, 10, 20, 23, 24, 31, 38, 39, 41, 55, 56, 59, 60, 62, 63, 64, 67, 68, 69, 75, 76, 77, 79, 80, 88, 89, 92, 96, 97, 99, 100, 102, 104, 108, 111, 112, 113, 118, 128, 130, 174], "summary": {"covered_lines": 41, "num_statements": 79, "percent_covered": 51.89873417721519, "percent_covered_display": "52", "missing_lines": 38, "excluded_lines": 0}, "missing_lines": [93, 94, 109, 110, 114, 115, 116, 144, 145, 148, 149, 150, 151, 152, 155, 157, 166, 167, 169, 170, 171, 172, 188, 189, 192, 193, 194, 195, 196, 199, 200, 203, 204, 206, 208, 209, 210, 211], "excluded_lines": [], "functions": {"VideoService.__init__": {"executed_lines": [38, 39], "summary": {"covered_lines": 2, "num_statements": 2, "percent_covered": 100.0, "percent_covered_display": "100", "missing_lines": 0, "excluded_lines": 0}, "missing_lines": [], "excluded_lines": []}, "VideoService.get_video_info": {"executed_lines": [55, 56, 59, 60, 62, 63, 64, 67, 68, 69, 75, 76, 77, 79, 80, 88, 89, 92, 96, 97, 99, 100, 102, 104, 108, 111, 112, 113], "summary": {"covered_lines": 28, "num_statements": 35, "percent_covered": 80.0, "percent_covered_display": "80", "missing_lines": 7, "excluded_lines": 0}, "missing_lines": [93, 94, 109, 110, 114, 115, 116], "excluded_lines": []}, "VideoService.validate_url": {"executed_lines": [128], "summary": {"covered_lines": 1, "num_statements": 1, "percent_covered": 100.0, "percent_covered_display": "100", "missing_lines": 0, "excluded_lines": 0}, "missing_lines": [], "excluded_lines": []}, "VideoService.get_metadata_only": {"executed_lines": [], "summary": {"covered_lines": 0, "num_statements": 15, "percent_covered": 0.0, "percent_covered_display": "0", "missing_lines": 15, "excluded_lines": 0}, "missing_lines": [144, 145, 148, 149, 150, 151, 152, 155, 157, 166, 167, 169, 170, 171, 172], "excluded_lines": []}, "VideoService.get_formats_only": {"executed_lines": [], "summary": {"covered_lines": 0, "num_statements": 16, "percent_covered": 0.0, "percent_covered_display": "0", "missing_lines": 16, "excluded_lines": 0}, "missing_lines": [188, 189, 192, 193, 194, 195, 196, 199, 200, 203, 204, 206, 208, 209, 210, 211], "excluded_lines": []}, "": {"executed_lines": [1, 7, 8, 10, 20, 23, 24, 31, 41, 118, 130, 174], "summary": {"covered_lines": 10, "num_statements": 10, "percent_covered": 100.0, "percent_covered_display": "100", "missing_lines": 0, "excluded_lines": 0}, "missing_lines": [], "excluded_lines": []}}, "classes": {"VideoService": {"executed_lines": [38, 39, 55, 56, 59, 60, 62, 63, 64, 67, 68, 69, 75, 76, 77, 79, 80, 88, 89, 92, 96, 97, 99, 100, 102, 104, 108, 111, 112, 113, 128], "summary": {"covered_lines": 31, "num_statements": 69, "percent_covered": 44.927536231884055, "percent_covered_display": "45", "missing_lines": 38, "excluded_lines": 0}, "missing_lines": [93, 94, 109, 110, 114, 115, 116, 144, 145, 148, 149, 150, 151, 152, 155, 157, 166, 167, 169, 170, 171, 172, 188, 189, 192, 193, 194, 195, 196, 199, 200, 203, 204, 206, 208, 209, 210, 211], "excluded_lines": []}, "": {"executed_lines": [1, 7, 8, 10, 20, 23, 24, 31, 41, 118, 130, 174], "summary": {"covered_lines": 10, "num_statements": 10, "percent_covered": 100.0, "percent_covered_display": "100", "missing_lines": 0, "excluded_lines": 0}, "missing_lines": [], "excluded_lines": []}}}, "celery_app.py": {"executed_lines": [1, 8, 11, 14, 21], "summary": {"covered_lines": 4, "num_statements": 4, "percent_covered": 100.0, "percent_covered_display": "100", "missing_lines": 0, "excluded_lines": 0}, "missing_lines": [], "excluded_lines": [], "functions": {"": {"executed_lines": [1, 8, 11, 14, 21], "summary": {"covered_lines": 4, "num_statements": 4, "percent_covered": 100.0, "percent_covered_display": "100", "missing_lines": 0, "excluded_lines": 0}, "missing_lines": [], "excluded_lines": []}}, "classes": {"": {"executed_lines": [1, 8, 11, 14, 21], "summary": {"covered_lines": 4, "num_statements": 4, "percent_covered": 100.0, "percent_covered_display": "100", "missing_lines": 0, "excluded_lines": 0}, "missing_lines": [], "excluded_lines": []}}}, "config/__init__.py": {"executed_lines": [0], "summary": {"covered_lines": 0, "num_statements": 0, "percent_covered": 100.0, "percent_covered_display": "100", "missing_lines": 0, "excluded_lines": 0}, "missing_lines": [], "excluded_lines": [], "functions": {"": {"executed_lines": [], "summary": {"covered_lines": 0, "num_statements": 0, "percent_covered": 100.0, "percent_covered_display": "100", "missing_lines": 0, "excluded_lines": 0}, "missing_lines": [], "excluded_lines": []}}, "classes": {"": {"executed_lines": [], "summary": {"covered_lines": 0, "num_statements": 0, "percent_covered": 100.0, "percent_covered_display": "100", "missing_lines": 0, "excluded_lines": 0}, "missing_lines": [], "excluded_lines": []}}}, "config/celery_config.py": {"executed_lines": [1, 7, 8, 9, 12, 13, 16, 17, 20, 21, 22, 23, 24, 27, 28, 29, 32, 38, 39, 46, 55, 56, 59, 62, 65, 75, 82, 85, 86, 87, 88, 89, 91, 92], "summary": {"covered_lines": 31, "num_statements": 31, "percent_covered": 100.0, "percent_covered_display": "100", "missing_lines": 0, "excluded_lines": 0}, "missing_lines": [], "excluded_lines": [], "functions": {"make_celery": {"executed_lines": [75, 82, 85, 86, 87, 91, 92], "summary": {"covered_lines": 6, "num_statements": 6, "percent_covered": 100.0, "percent_covered_display": "100", "missing_lines": 0, "excluded_lines": 0}, "missing_lines": [], "excluded_lines": []}, "make_celery.ContextTask.__call__": {"executed_lines": [88, 89], "summary": {"covered_lines": 2, "num_statements": 2, "percent_covered": 100.0, "percent_covered_display": "100", "missing_lines": 0, "excluded_lines": 0}, "missing_lines": [], "excluded_lines": []}, "": {"executed_lines": [1, 7, 8, 9, 12, 13, 16, 17, 20, 21, 22, 23, 24, 27, 28, 29, 32, 38, 39, 46, 55, 56, 59, 62, 65], "summary": {"covered_lines": 23, "num_statements": 23, "percent_covered": 100.0, "percent_covered_display": "100", "missing_lines": 0, "excluded_lines": 0}, "missing_lines": [], "excluded_lines": []}}, "classes": {"CeleryConfig": {"executed_lines": [], "summary": {"covered_lines": 0, "num_statements": 0, "percent_covered": 100.0, "percent_covered_display": "100", "missing_lines": 0, "excluded_lines": 0}, "missing_lines": [], "excluded_lines": []}, "make_celery.ContextTask": {"executed_lines": [88, 89], "summary": {"covered_lines": 2, "num_statements": 2, "percent_covered": 100.0, "percent_covered_display": "100", "missing_lines": 0, "excluded_lines": 0}, "missing_lines": [], "excluded_lines": []}, "": {"executed_lines": [1, 7, 8, 9, 12, 13, 16, 17, 20, 21, 22, 23, 24, 27, 28, 29, 32, 38, 39, 46, 55, 56, 59, 62, 65, 75, 82, 85, 86, 87, 91, 92], "summary": {"covered_lines": 29, "num_statements": 29, "percent_covered": 100.0, "percent_covered_display": "100", "missing_lines": 0, "excluded_lines": 0}, "missing_lines": [], "excluded_lines": []}}}, "config/gcs_config.py": {"executed_lines": [1, 7, 8, 9, 10, 14, 15, 18, 27, 29, 30, 32, 33, 34, 77, 87, 94, 97, 104, 107], "summary": {"covered_lines": 19, "num_statements": 54, "percent_covered": 35.18518518518518, "percent_covered_display": "35", "missing_lines": 35, "excluded_lines": 0}, "missing_lines": [37, 38, 41, 42, 45, 46, 47, 48, 49, 50, 51, 54, 57, 58, 59, 60, 61, 62, 63, 64, 67, 68, 70, 71, 72, 73, 74, 84, 114, 115, 117, 119, 120, 121, 122], "excluded_lines": [], "functions": {"init_gcs": {"executed_lines": [27, 29, 30, 32, 33, 34], "summary": {"covered_lines": 6, "num_statements": 33, "percent_covered": 18.181818181818183, "percent_covered_display": "18", "missing_lines": 27, "excluded_lines": 0}, "missing_lines": [37, 38, 41, 42, 45, 46, 47, 48, 49, 50, 51, 54, 57, 58, 59, 60, 61, 62, 63, 64, 67, 68, 70, 71, 72, 73, 74], "excluded_lines": []}, "get_gcs_client": {"executed_lines": [], "summary": {"covered_lines": 0, "num_statements": 1, "percent_covered": 0.0, "percent_covered_display": "0", "missing_lines": 1, "excluded_lines": 0}, "missing_lines": [84], "excluded_lines": []}, "get_gcs_bucket": {"executed_lines": [94], "summary": {"covered_lines": 1, "num_statements": 1, "percent_covered": 100.0, "percent_covered_display": "100", "missing_lines": 0, "excluded_lines": 0}, "missing_lines": [], "excluded_lines": []}, "is_gcs_enabled": {"executed_lines": [104], "summary": {"covered_lines": 1, "num_statements": 1, "percent_covered": 100.0, "percent_covered_display": "100", "missing_lines": 0, "excluded_lines": 0}, "missing_lines": [], "excluded_lines": []}, "gcs_health_check": {"executed_lines": [], "summary": {"covered_lines": 0, "num_statements": 7, "percent_covered": 0.0, "percent_covered_display": "0", "missing_lines": 7, "excluded_lines": 0}, "missing_lines": [114, 115, 117, 119, 120, 121, 122], "excluded_lines": []}, "": {"executed_lines": [1, 7, 8, 9, 10, 14, 15, 18, 77, 87, 97, 107], "summary": {"covered_lines": 11, "num_statements": 11, "percent_covered": 100.0, "percent_covered_display": "100", "missing_lines": 0, "excluded_lines": 0}, "missing_lines": [], "excluded_lines": []}}, "classes": {"": {"executed_lines": [1, 7, 8, 9, 10, 14, 15, 18, 27, 29, 30, 32, 33, 34, 77, 87, 94, 97, 104, 107], "summary": {"covered_lines": 19, "num_statements": 54, "percent_covered": 35.18518518518518, "percent_covered_display": "35", "missing_lines": 35, "excluded_lines": 0}, "missing_lines": [37, 38, 41, 42, 45, 46, 47, 48, 49, 50, 51, 54, 57, 58, 59, 60, 61, 62, 63, 64, 67, 68, 70, 71, 72, 73, 74, 84, 114, 115, 117, 119, 120, 121, 122], "excluded_lines": []}}}, "config/redis_config.py": {"executed_lines": [1, 8, 9, 10, 13, 14, 16, 17, 18, 19, 20, 21, 24, 25, 27, 28, 29, 30, 31, 32, 36, 39, 51, 52, 54, 61, 64, 65, 68, 78, 81, 84, 94, 95, 98, 105, 108], "summary": {"covered_lines": 35, "num_statements": 38, "percent_covered": 92.10526315789474, "percent_covered_display": "92", "missing_lines": 3, "excluded_lines": 0}, "missing_lines": [62, 79, 106], "excluded_lines": [], "functions": {"RedisConfig.__init__": {"executed_lines": [17, 18, 19, 20, 21, 24, 25, 27, 28, 29, 30, 31, 32], "summary": {"covered_lines": 13, "num_statements": 13, "percent_covered": 100.0, "percent_covered_display": "100", "missing_lines": 0, "excluded_lines": 0}, "missing_lines": [], "excluded_lines": []}, "init_redis": {"executed_lines": [51, 52, 54, 61, 64, 65], "summary": {"covered_lines": 6, "num_statements": 7, "percent_covered": 85.71428571428571, "percent_covered_display": "86", "missing_lines": 1, "excluded_lines": 0}, "missing_lines": [62], "excluded_lines": []}, "get_redis_client": {"executed_lines": [78, 81], "summary": {"covered_lines": 2, "num_statements": 3, "percent_covered": 66.66666666666667, "percent_covered_display": "67", "missing_lines": 1, "excluded_lines": 0}, "missing_lines": [79], "excluded_lines": []}, "get_redis_repository": {"executed_lines": [94, 95], "summary": {"covered_lines": 2, "num_statements": 2, "percent_covered": 100.0, "percent_covered_display": "100", "missing_lines": 0, "excluded_lines": 0}, "missing_lines": [], "excluded_lines": []}, "redis_health_check": {"executed_lines": [105, 108], "summary": {"covered_lines": 2, "num_statements": 3, "percent_covered": 66.66666666666667, "percent_covered_display": "67", "missing_lines": 1, "excluded_lines": 0}, "missing_lines": [106], "excluded_lines": []}, "": {"executed_lines": [1, 8, 9, 10, 13, 14, 16, 36, 39, 68, 84, 98], "summary": {"covered_lines": 10, "num_statements": 10, "percent_covered": 100.0, "percent_covered_display": "100", "missing_lines": 0, "excluded_lines": 0}, "missing_lines": [], "excluded_lines": []}}, "classes": {"RedisConfig": {"executed_lines": [17, 18, 19, 20, 21, 24, 25, 27, 28, 29, 30, 31, 32], "summary": {"covered_lines": 13, "num_statements": 13, "percent_covered": 100.0, "percent_covered_display": "100", "missing_lines": 0, "excluded_lines": 0}, "missing_lines": [], "excluded_lines": []}, "": {"executed_lines": [1, 8, 9, 10, 13, 14, 16, 36, 39, 51, 52, 54, 61, 64, 65, 68, 78, 81, 84, 94, 95, 98, 105, 108], "summary": {"covered_lines": 22, "num_statements": 25, "percent_covered": 88.0, "percent_covered_display": "88", "missing_lines": 3, "excluded_lines": 0}, "missing_lines": [62, 79, 106], "excluded_lines": []}}}, "config/socketio_config.py": {"executed_lines": [1, 7, 8, 10, 12, 15, 18, 30, 31, 34, 45, 46, 53, 60, 63, 70, 71], "summary": {"covered_lines": 16, "num_statements": 19, "percent_covered": 84.21052631578948, "percent_covered_display": "84", "missing_lines": 3, "excluded_lines": 0}, "missing_lines": [48, 49, 50], "excluded_lines": [], "functions": {"init_socketio": {"executed_lines": [30, 31, 34, 45, 46], "summary": {"covered_lines": 5, "num_statements": 8, "percent_covered": 62.5, "percent_covered_display": "62", "missing_lines": 3, "excluded_lines": 0}, "missing_lines": [48, 49, 50], "excluded_lines": []}, "get_socketio": {"executed_lines": [60], "summary": {"covered_lines": 1, "num_statements": 1, "percent_covered": 100.0, "percent_covered_display": "100", "missing_lines": 0, "excluded_lines": 0}, "missing_lines": [], "excluded_lines": []}, "is_socketio_enabled": {"executed_lines": [70, 71], "summary": {"covered_lines": 2, "num_statements": 2, "percent_covered": 100.0, "percent_covered_display": "100", "missing_lines": 0, "excluded_lines": 0}, "missing_lines": [], "excluded_lines": []}, "": {"executed_lines": [1, 7, 8, 10, 12, 15, 18, 53, 63], "summary": {"covered_lines": 8, "num_statements": 8, "percent_covered": 100.0, "percent_covered_display": "100", "missing_lines": 0, "excluded_lines": 0}, "missing_lines": [], "excluded_lines": []}}, "classes": {"": {"executed_lines": [1, 7, 8, 10, 12, 15, 18, 30, 31, 34, 45, 46, 53, 60, 63, 70, 71], "summary": {"covered_lines": 16, "num_statements": 19, "percent_covered": 84.21052631578948, "percent_covered_display": "84", "missing_lines": 3, "excluded_lines": 0}, "missing_lines": [48, 49, 50], "excluded_lines": []}}}, "domain/__init__.py": {"executed_lines": [1], "summary": {"covered_lines": 0, "num_statements": 0, "percent_covered": 100.0, "percent_covered_display": "100", "missing_lines": 0, "excluded_lines": 0}, "missing_lines": [], "excluded_lines": [], "functions": {"": {"executed_lines": [1], "summary": {"covered_lines": 0, "num_statements": 0, "percent_covered": 100.0, "percent_covered_display": "100", "missing_lines": 0, "excluded_lines": 0}, "missing_lines": [], "excluded_lines": []}}, "classes": {"": {"executed_lines": [1], "summary": {"covered_lines": 0, "num_statements": 0, "percent_covered": 100.0, "percent_covered_display": "100", "missing_lines": 0, "excluded_lines": 0}, "missing_lines": [], "excluded_lines": []}}}, "domain/errors.py": {"executed_lines": [1, 7, 8, 9, 11, 14, 15, 17, 18, 19, 20, 21, 22, 23, 24, 25, 26, 27, 28, 29, 30, 31, 32, 36, 120, 121, 125, 139, 140, 141, 144, 147, 148, 149, 151, 153, 160, 167, 169, 175, 189, 190, 195, 198, 199, 201, 202, 203, 204, 205, 211, 213, 215, 217, 222, 224, 229, 232, 233, 234, 237, 238, 243, 245, 248, 250, 252, 254, 256, 258, 260, 262, 265, 268, 269, 271, 277, 278, 281, 299, 300, 301], "summary": {"covered_lines": 78, "num_statements": 94, "percent_covered": 82.97872340425532, "percent_covered_display": "83", "missing_lines": 16, "excluded_lines": 0}, "missing_lines": [191, 192, 193, 206, 207, 209, 214, 231, 249, 251, 253, 255, 257, 259, 261, 263], "excluded_lines": [], "functions": {"ApplicationError.__init__": {"executed_lines": [139, 140, 141, 144, 147, 148, 149, 151], "summary": {"covered_lines": 8, "num_statements": 8, "percent_covered": 100.0, "percent_covered_display": "100", "missing_lines": 0, "excluded_lines": 0}, "missing_lines": [], "excluded_lines": []}, "ApplicationError.to_dict": {"executed_lines": [160], "summary": {"covered_lines": 1, "num_statements": 1, "percent_covered": 100.0, "percent_covered_display": "100", "missing_lines": 0, "excluded_lines": 0}, "missing_lines": [], "excluded_lines": []}, "ApplicationError.log": {"executed_lines": [169], "summary": {"covered_lines": 1, "num_statements": 1, "percent_covered": 100.0, "percent_covered_display": "100", "missing_lines": 0, "excluded_lines": 0}, "missing_lines": [], "excluded_lines": []}, "categorize_ytdlp_error": {"executed_lines": [189, 190, 195, 198, 199, 201, 202, 203, 204, 205, 211, 213, 215, 217, 222, 224, 229, 232, 233, 234, 237, 238, 243, 245, 248, 250, 252, 254, 256, 258, 260, 262, 265], "summary": {"covered_lines": 33, "num_statements": 49, "percent_covered": 67.34693877551021, "percent_covered_display": "67", "missing_lines": 16, "excluded_lines": 0}, "missing_lines": [191, 192, 193, 206, 207, 209, 214, 231, 249, 251, 253, 255, 257, 259, 261, 263], "excluded_lines": []}, "RateLimitExceededError.__init__": {"executed_lines": [277, 278], "summary": {"covered_lines": 2, "num_statements": 2, "percent_covered": 100.0, "percent_covered_display": "100", "missing_lines": 0, "excluded_lines": 0}, "missing_lines": [], "excluded_lines": []}, "create_error_response": {"executed_lines": [299, 300, 301], "summary": {"covered_lines": 3, "num_statements": 3, "percent_covered": 100.0, "percent_covered_display": "100", "missing_lines": 0, "excluded_lines": 0}, "missing_lines": [], "excluded_lines": []}, "": {"executed_lines": [1, 7, 8, 9, 11, 14, 15, 17, 18, 19, 20, 21, 22, 23, 24, 25, 26, 27, 28, 29, 30, 31, 32, 36, 120, 121, 125, 153, 167, 175, 268, 269, 271, 281], "summary": {"covered_lines": 30, "num_statements": 30, "percent_covered": 100.0, "percent_covered_display": "100", "missing_lines": 0, "excluded_lines": 0}, "missing_lines": [], "excluded_lines": []}}, "classes": {"ErrorCategory": {"executed_lines": [], "summary": {"covered_lines": 0, "num_statements": 0, "percent_covered": 100.0, "percent_covered_display": "100", "missing_lines": 0, "excluded_lines": 0}, "missing_lines": [], "excluded_lines": []}, "ApplicationError": {"executed_lines": [139, 140, 141, 144, 147, 148, 149, 151, 160, 169], "summary": {"covered_lines": 10, "num_statements": 10, "percent_covered": 100.0, "percent_covered_display": "100", "missing_lines": 0, "excluded_lines": 0}, "missing_lines": [], "excluded_lines": []}, "RateLimitExceededError": {"executed_lines": [277, 278], "summary": {"covered_lines": 2, "num_statements": 2, "percent_covered": 100.0, "percent_covered_display": "100", "missing_lines": 0, "excluded_lines": 0}, "missing_lines": [], "excluded_lines": []}, "": {"executed_lines": [1, 7, 8, 9, 11, 14, 15, 17, 18, 19, 20, 21, 22, 23, 24, 25, 26, 27, 28, 29, 30, 31, 32, 36, 120, 121, 125, 153, 167, 175, 189, 190, 195, 198, 199, 201, 202, 203, 204, 205, 211, 213, 215, 217, 222, 224, 229, 232, 233, 234, 237, 238, 243, 245, 248, 250, 252, 254, 256, 258, 260, 262, 265, 268, 269, 271, 281, 299, 300, 301], "summary": {"covered_lines": 66, "num_statements": 82, "percent_covered": 80.48780487804878, "percent_covered_display": "80", "missing_lines": 16, "excluded_lines": 0}, "missing_lines": [191, 192, 193, 206, 207, 209, 214, 231, 249, 251, 253, 255, 257, 259, 261, 263], "excluded_lines": []}}}, "domain/events.py": {"executed_lines": [1, 8, 9, 10, 11, 13, 16, 17, 18, 28, 29, 31, 38, 45, 46, 47, 56, 57, 59, 61, 62, 66, 69, 70, 71, 79, 81, 83, 84, 87, 90, 91, 92, 101, 102, 104, 106, 107, 111, 114, 115, 116, 125, 126, 128, 130, 131, 135], "summary": {"covered_lines": 42, "num_statements": 42, "percent_covered": 100.0, "percent_covered_display": "100", "missing_lines": 0, "excluded_lines": 0}, "missing_lines": [], "excluded_lines": [], "functions": {"DomainEvent.to_dict": {"executed_lines": [38], "summary": {"covered_lines": 1, "num_statements": 1, "percent_covered": 100.0, "percent_covered_display": "100", "missing_lines": 0, "excluded_lines": 0}, "missing_lines": [], "excluded_lines": []}, "JobStartedEvent.to_dict": {"executed_lines": [61, 62, 66], "summary": {"covered_lines": 3, "num_statements": 3, "percent_covered": 100.0, "percent_covered_display": "100", "missing_lines": 0, "excluded_lines": 0}, "missing_lines": [], "excluded_lines": []}, "JobProgressUpdatedEvent.to_dict": {"executed_lines": [83, 84, 87], "summary": {"covered_lines": 3, "num_statements": 3, "percent_covered": 100.0, "percent_covered_display": "100", "missing_lines": 0, "excluded_lines": 0}, "missing_lines": [], "excluded_lines": []}, "JobCompletedEvent.to_dict": {"executed_lines": [106, 107, 111], "summary": {"covered_lines": 3, "num_statements": 3, "percent_covered": 100.0, "percent_covered_display": "100", "missing_lines": 0, "excluded_lines": 0}, "missing_lines": [], "excluded_lines": []}, "JobFailedEvent.to_dict": {"executed_lines": [130, 131, 135], "summary": {"covered_lines": 3, "num_statements": 3, "percent_covered": 100.0, "percent_covered_display": "100", "missing_lines": 0, "excluded_lines": 0}, "missing_lines": [], "excluded_lines": []}, "": {"executed_lines": [1, 8, 9, 10, 11, 13, 16, 17, 18, 28, 29, 31, 45, 46, 47, 56, 57, 59, 69, 70, 71, 79, 81, 90, 91, 92, 101, 102, 104, 114, 115, 116, 125, 126, 128], "summary": {"covered_lines": 29, "num_statements": 29, "percent_covered": 100.0, "percent_covered_display": "100", "missing_lines": 0, "excluded_lines": 0}, "missing_lines": [], "excluded_lines": []}}, "classes": {"DomainEvent": {"executed_lines": [38], "summary": {"covered_lines": 1, "num_statements": 1, "percent_covered": 100.0, "percent_covered_display": "100", "missing_lines": 0, "excluded_lines": 0}, "missing_lines": [], "excluded_lines": []}, "JobStartedEvent": {"executed_lines": [61, 62, 66], "summary": {"covered_lines": 3, "num_statements": 3, "percent_covered": 100.0, "percent_covered_display": "100", "missing_lines": 0, "excluded_lines": 0}, "missing_lines": [], "excluded_lines": []}, "JobProgressUpdatedEvent": {"executed_lines": [83, 84, 87], "summary": {"covered_lines": 3, "num_statements": 3, "percent_covered": 100.0, "percent_covered_display": "100", "missing_lines": 0, "excluded_lines": 0}, "missing_lines": [], "excluded_lines": []}, "JobCompletedEvent": {"executed_lines": [106, 107, 111], "summary": {"covered_lines": 3, "num_statements": 3, "percent_covered": 100.0, "percent_covered_display": "100", "missing_lines": 0, "excluded_lines": 0}, "missing_lines": [], "excluded_lines": []}, "JobFailedEvent": {"executed_lines": [130, 131, 135], "summary": {"covered_lines": 3, "num_statements": 3, "percent_covered": 100.0, "percent_covered_display": "100", "missing_lines": 0, "excluded_lines": 0}, "missing_lines": [], "excluded_lines": []}, "": {"executed_lines": [1, 8, 9, 10, 11, 13, 16, 17, 18, 28, 29, 31, 45, 46, 47, 56, 57, 59, 69, 70, 71, 79, 81, 90, 91, 92, 101, 102, 104, 114, 115, 116, 125, 126, 128], "summary": {"covered_lines": 29, "num_statements": 29, "percent_covered": 100.0, "percent_covered_display": "100", "missing_lines": 0, "excluded_lines": 0}, "missing_lines": [], "excluded_lines": []}}}, "domain/file_storage/__init__.py": {"executed_lines": [1, 7, 8, 9, 10, 11, 13], "summary": {"covered_lines": 6, "num_statements": 6, "percent_covered": 100.0, "percent_covered_display": "100", "missing_lines": 0, "excluded_lines": 0}, "missing_lines": [], "excluded_lines": [], "functions": {"": {"executed_lines": [1, 7, 8, 9, 10, 11, 13], "summary": {"covered_lines": 6, "num_statements": 6, "percent_covered": 100.0, "percent_covered_display": "100", "missing_lines": 0, "excluded_lines": 0}, "missing_lines": [], "excluded_lines": []}}, "classes": {"": {"executed_lines": [1, 7, 8, 9, 10, 11, 13], "summary": {"covered_lines": 6, "num_statements": 6, "percent_covered": 100.0, "percent_covered_display": "100", "missing_lines": 0, "excluded_lines": 0}, "missing_lines": [], "excluded_lines": []}}}, "domain/file_storage/entities.py": {"executed_lines": [1, 7, 8, 9, 10, 12, 15, 16, 17, 22, 23, 24, 25, 26, 27, 28, 30, 31, 45, 46, 47, 50, 51, 52, 53, 54, 58, 68, 75, 77, 84, 86, 93, 94, 96, 107, 108, 110, 112, 119, 120, 124, 131, 132, 135, 137, 147, 148, 151, 152, 154], "summary": {"covered_lines": 49, "num_statements": 55, "percent_covered": 89.0909090909091, "percent_covered_display": "89", "missing_lines": 6, "excluded_lines": 0}, "missing_lines": [55, 56, 109, 121, 122, 133], "excluded_lines": [], "functions": {"DownloadedFile.create": {"executed_lines": [45, 46, 47, 50, 51, 52, 53, 54, 58], "summary": {"covered_lines": 9, "num_statements": 11, "percent_covered": 81.81818181818181, "percent_covered_display": "82", "missing_lines": 2, "excluded_lines": 0}, "missing_lines": [55, 56], "excluded_lines": []}, "DownloadedFile.is_expired": {"executed_lines": [75], "summary": {"covered_lines": 1, "num_statements": 1, "percent_covered": 100.0, "percent_covered_display": "100", "missing_lines": 0, "excluded_lines": 0}, "missing_lines": [], "excluded_lines": []}, "DownloadedFile.get_remaining_time": {"executed_lines": [84], "summary": {"covered_lines": 1, "num_statements": 1, "percent_covered": 100.0, "percent_covered_display": "100", "missing_lines": 0, "excluded_lines": 0}, "missing_lines": [], "excluded_lines": []}, "DownloadedFile.get_remaining_seconds": {"executed_lines": [93, 94], "summary": {"covered_lines": 2, "num_statements": 2, "percent_covered": 100.0, "percent_covered_display": "100", "missing_lines": 0, "excluded_lines": 0}, "missing_lines": [], "excluded_lines": []}, "DownloadedFile.generate_download_url": {"executed_lines": [107, 108, 110], "summary": {"covered_lines": 3, "num_statements": 4, "percent_covered": 75.0, "percent_covered_display": "75", "missing_lines": 1, "excluded_lines": 0}, "missing_lines": [109], "excluded_lines": []}, "DownloadedFile.file_exists": {"executed_lines": [119, 120], "summary": {"covered_lines": 2, "num_statements": 4, "percent_covered": 50.0, "percent_covered_display": "50", "missing_lines": 2, "excluded_lines": 0}, "missing_lines": [121, 122], "excluded_lines": []}, "DownloadedFile.get_filesize_mb": {"executed_lines": [131, 132], "summary": {"covered_lines": 2, "num_statements": 3, "percent_covered": 66.66666666666667, "percent_covered_display": "67", "missing_lines": 1, "excluded_lines": 0}, "missing_lines": [133], "excluded_lines": []}, "DownloadedFile.to_dict": {"executed_lines": [137], "summary": {"covered_lines": 1, "num_statements": 1, "percent_covered": 100.0, "percent_covered_display": "100", "missing_lines": 0, "excluded_lines": 0}, "missing_lines": [], "excluded_lines": []}, "DownloadedFile.from_dict": {"executed_lines": [151, 152, 154], "summary": {"covered_lines": 3, "num_statements": 3, "percent_covered": 100.0, "percent_covered_display": "100", "missing_lines": 0, "excluded_lines": 0}, "missing_lines": [], "excluded_lines": []}, "": {"executed_lines": [1, 7, 8, 9, 10, 12, 15, 16, 17, 22, 23, 24, 25, 26, 27, 28, 30, 31, 68, 77, 86, 96, 112, 124, 135, 147, 148], "summary": {"covered_lines": 25, "num_statements": 25, "percent_covered": 100.0, "percent_covered_display": "100", "missing_lines": 0, "excluded_lines": 0}, "missing_lines": [], "excluded_lines": []}}, "classes": {"DownloadedFile": {"executed_lines": [45, 46, 47, 50, 51, 52, 53, 54, 58, 75, 84, 93, 94, 107, 108, 110, 119, 120, 131, 132, 137, 151, 152, 154], "summary": {"covered_lines": 24, "num_statements": 30, "percent_covered": 80.0, "percent_covered_display": "80", "missing_lines": 6, "excluded_lines": 0}, "missing_lines": [55, 56, 109, 121, 122, 133], "excluded_lines": []}, "": {"executed_lines": [1, 7, 8, 9, 10, 12, 15, 16, 17, 22, 23, 24, 25, 26, 27, 28, 30, 31, 68, 77, 86, 96, 112, 124, 135, 147, 148], "summary": {"covered_lines": 25, "num_statements": 25, "percent_covered": 100.0, "percent_covered_display": "100", "missing_lines": 0, "excluded_lines": 0}, "missing_lines": [], "excluded_lines": []}}}, "domain/file_storage/repositories.py": {"executed_lines": [1, 8, 9, 11, 14, 15, 17, 18, 30, 31, 43, 44, 56, 57, 69, 70, 79, 80], "summary": {"covered_lines": 16, "num_statements": 22, "percent_covered": 72.72727272727273, "percent_covered_display": "73", "missing_lines": 6, "excluded_lines": 0}, "missing_lines": [28, 41, 54, 67, 77, 90], "excluded_lines": [], "functions": {"FileRepository.save": {"executed_lines": [], "summary": {"covered_lines": 0, "num_statements": 1, "percent_covered": 0.0, "percent_covered_display": "0", "missing_lines": 1, "excluded_lines": 0}, "missing_lines": [28], "excluded_lines": []}, "FileRepository.get_by_token": {"executed_lines": [], "summary": {"covered_lines": 0, "num_statements": 1, "percent_covered": 0.0, "percent_covered_display": "0", "missing_lines": 1, "excluded_lines": 0}, "missing_lines": [41], "excluded_lines": []}, "FileRepository.get_by_job_id": {"executed_lines": [], "summary": {"covered_lines": 0, "num_statements": 1, "percent_covered": 0.0, "percent_covered_display": "0", "missing_lines": 1, "excluded_lines": 0}, "missing_lines": [54], "excluded_lines": []}, "FileRepository.delete": {"executed_lines": [], "summary": {"covered_lines": 0, "num_statements": 1, "percent_covered": 0.0, "percent_covered_display": "0", "missing_lines": 1, "excluded_lines": 0}, "missing_lines": [67], "excluded_lines": []}, "FileRepository.get_expired_files": {"executed_lines": [], "summary": {"covered_lines": 0, "num_statements": 1, "percent_covered": 0.0, "percent_covered_display": "0", "missing_lines": 1, "excluded_lines": 0}, "missing_lines": [77], "excluded_lines": []}, "FileRepository.exists": {"executed_lines": [], "summary": {"covered_lines": 0, "num_statements": 1, "percent_covered": 0.0, "percent_covered_display": "0", "missing_lines": 1, "excluded_lines": 0}, "missing_lines": [90], "excluded_lines": []}, "": {"executed_lines": [1, 8, 9, 11, 14, 15, 17, 18, 30, 31, 43, 44, 56, 57, 69, 70, 79, 80], "summary": {"covered_lines": 16, "num_statements": 16, "percent_covered": 100.0, "percent_covered_display": "100", "missing_lines": 0, "excluded_lines": 0}, "missing_lines": [], "excluded_lines": []}}, "classes": {"FileRepository": {"executed_lines": [], "summary": {"covered_lines": 0, "num_statements": 6, "percent_covered": 0.0, "percent_covered_display": "0", "missing_lines": 6, "excluded_lines": 0}, "missing_lines": [28, 41, 54, 67, 77, 90], "excluded_lines": []}, "": {"executed_lines": [1, 8, 9, 11, 14, 15, 17, 18, 30, 31, 43, 44, 56, 57, 69, 70, 79, 80], "summary": {"covered_lines": 16, "num_statements": 16, "percent_covered": 100.0, "percent_covered_display": "100", "missing_lines": 0, "excluded_lines": 0}, "missing_lines": [], "excluded_lines": []}}}, "domain/file_storage/services.py": {"executed_lines": [1, 7, 8, 10, 11, 12, 15, 16, 17, 20, 21, 22, 25, 26, 32, 40, 41, 43, 61, 65, 68, 71, 73, 87, 89, 90, 92, 94, 95, 97, 99, 109, 111, 115, 117, 129, 132, 135, 136, 138, 140, 149, 151, 152, 153, 155, 158, 160, 164, 166, 181, 182, 184, 194, 195, 196, 200, 214, 216], "summary": {"covered_lines": 55, "num_statements": 63, "percent_covered": 87.3015873015873, "percent_covered_display": "87", "missing_lines": 8, "excluded_lines": 0}, "missing_lines": [62, 69, 112, 113, 161, 162, 197, 198], "excluded_lines": [], "functions": {"FileManager.__init__": {"executed_lines": [40, 41], "summary": {"covered_lines": 2, "num_statements": 2, "percent_covered": 100.0, "percent_covered_display": "100", "missing_lines": 0, "excluded_lines": 0}, "missing_lines": [], "excluded_lines": []}, "FileManager.register_file": {"executed_lines": [61, 65, 68, 71], "summary": {"covered_lines": 4, "num_statements": 6, "percent_covered": 66.66666666666667, "percent_covered_display": "67", "missing_lines": 2, "excluded_lines": 0}, "missing_lines": [62, 69], "excluded_lines": []}, "FileManager.get_file_by_token": {"executed_lines": [87, 89, 90, 92, 94, 95, 97], "summary": {"covered_lines": 7, "num_statements": 7, "percent_covered": 100.0, "percent_covered_display": "100", "missing_lines": 0, "excluded_lines": 0}, "missing_lines": [], "excluded_lines": []}, "FileManager.get_file_by_job_id": {"executed_lines": [109, 111, 115], "summary": {"covered_lines": 3, "num_statements": 5, "percent_covered": 60.0, "percent_covered_display": "60", "missing_lines": 2, "excluded_lines": 0}, "missing_lines": [112, 113], "excluded_lines": []}, "FileManager.delete_file": {"executed_lines": [129, 132, 135, 136, 138], "summary": {"covered_lines": 5, "num_statements": 5, "percent_covered": 100.0, "percent_covered_display": "100", "missing_lines": 0, "excluded_lines": 0}, "missing_lines": [], "excluded_lines": []}, "FileManager.cleanup_expired_files": {"executed_lines": [149, 151, 152, 153, 155, 158, 160, 164], "summary": {"covered_lines": 8, "num_statements": 10, "percent_covered": 80.0, "percent_covered_display": "80", "missing_lines": 2, "excluded_lines": 0}, "missing_lines": [161, 162], "excluded_lines": []}, "FileManager.get_download_url": {"executed_lines": [181, 182], "summary": {"covered_lines": 2, "num_statements": 2, "percent_covered": 100.0, "percent_covered_display": "100", "missing_lines": 0, "excluded_lines": 0}, "missing_lines": [], "excluded_lines": []}, "FileManager.validate_token": {"executed_lines": [194, 195, 196], "summary": {"covered_lines": 3, "num_statements": 5, "percent_covered": 60.0, "percent_covered_display": "60", "missing_lines": 2, "excluded_lines": 0}, "missing_lines": [197, 198], "excluded_lines": []}, "FileManager.get_file_info": {"executed_lines": [214, 216], "summary": {"covered_lines": 2, "num_statements": 2, "percent_covered": 100.0, "percent_covered_display": "100", "missing_lines": 0, "excluded_lines": 0}, "missing_lines": [], "excluded_lines": []}, "": {"executed_lines": [1, 7, 8, 10, 11, 12, 15, 16, 17, 20, 21, 22, 25, 26, 32, 43, 73, 99, 117, 140, 166, 184, 200], "summary": {"covered_lines": 19, "num_statements": 19, "percent_covered": 100.0, "percent_covered_display": "100", "missing_lines": 0, "excluded_lines": 0}, "missing_lines": [], "excluded_lines": []}}, "classes": {"FileNotFoundError": {"executed_lines": [], "summary": {"covered_lines": 0, "num_statements": 0, "percent_covered": 100.0, "percent_covered_display": "100", "missing_lines": 0, "excluded_lines": 0}, "missing_lines": [], "excluded_lines": []}, "FileExpiredError": {"executed_lines": [], "summary": {"covered_lines": 0, "num_statements": 0, "percent_covered": 100.0, "percent_covered_display": "100", "missing_lines": 0, "excluded_lines": 0}, "missing_lines": [], "excluded_lines": []}, "FileManager": {"executed_lines": [40, 41, 61, 65, 68, 71, 87, 89, 90, 92, 94, 95, 97, 109, 111, 115, 129, 132, 135, 136, 138, 149, 151, 152, 153, 155, 158, 160, 164, 181, 182, 194, 195, 196, 214, 216], "summary": {"covered_lines": 36, "num_statements": 44, "percent_covered": 81.81818181818181, "percent_covered_display": "82", "missing_lines": 8, "excluded_lines": 0}, "missing_lines": [62, 69, 112, 113, 161, 162, 197, 198], "excluded_lines": []}, "": {"executed_lines": [1, 7, 8, 10, 11, 12, 15, 16, 17, 20, 21, 22, 25, 26, 32, 43, 73, 99, 117, 140, 166, 184, 200], "summary": {"covered_lines": 19, "num_statements": 19, "percent_covered": 100.0, "percent_covered_display": "100", "missing_lines": 0, "excluded_lines": 0}, "missing_lines": [], "excluded_lines": []}}}, "domain/file_storage/signed_url_service.py": {"executed_lines": [1, 9, 10, 11, 12, 13, 14, 15, 18, 19, 20, 24, 25, 26, 27, 29, 33, 38, 49, 50, 57, 70, 74, 78, 79, 80, 90, 91, 95, 130, 151, 170, 202, 218], "summary": {"covered_lines": 31, "num_statements": 65, "percent_covered": 47.69230769230769, "percent_covered_display": "48", "missing_lines": 34, "excluded_lines": 0}, "missing_lines": [31, 35, 36, 40, 75, 83, 84, 86, 88, 93, 114, 115, 118, 121, 
[...]
142857142857146, "percent_covered_display": "57", "missing_lines": 6, "excluded_lines": 0}, "missing_lines": [265, 266, 267, 268, 269, 270], "excluded_lines": []}, "test_download_token_immutability": {"executed_lines": [277, 279, 282, 283, 284, 293], "summary": {"covered_lines": 6, "num_statements": 12, "percent_covered": 50.0, "percent_covered_display": "50", "missing_lines": 6, "excluded_lines": 0}, "missing_lines": [286, 287, 288, 289, 290, 291], "excluded_lines": []}, "test_download_token_string_representation": {"executed_lines": [298, 300, 301, 302, 304, 305, 306, 308], "summary": {"covered_lines": 8, "num_statements": 8, "percent_covered": 100.0, "percent_covered_display": "100", "missing_lines": 0, "excluded_lines": 0}, "missing_lines": [], "excluded_lines": []}, "": {"executed_lines": [1, 7, 8, 9, 13, 14, 17, 33, 55, 78, 112, 133, 154, 169, 191, 215, 243, 275, 296, 311], "summary": {"covered_lines": 19, "num_statements": 53, "percent_covered": 35.84905660377358, "percent_covered_display": "36", "missing_lines": 34, "excluded_lines": 0}, "missing_lines": [10, 11, 312, 313, 314, 315, 317, 319, 320, 321, 322, 323, 324, 325, 326, 327, 328, 331, 332, 333, 334, 335, 336, 337, 338, 339, 341, 342, 343, 344, 345, 346, 347, 348], "excluded_lines": []}}, "classes": {"": {"executed_lines": [1, 7, 8, 9, 13, 14, 17, 19, 22, 24, 25, 26, 27, 28, 30, 33, 35, 38, 46, 47, 48, 49, 50, 52, 55, 57, 60, 69, 70, 71, 72, 73, 75, 78, 80, 83, 95, 96, 97, 98, 99, 109, 112, 114, 117, 118, 119, 120, 121, 124, 125, 126, 127, 128, 130, 133, 135, 137, 140, 141, 142, 151, 154, 156, 158, 159, 160, 162, 163, 164, 166, 169, 171, 174, 176, 178, 179, 180, 181, 184, 185, 186, 188, 191, 193, 196, 197, 198, 201, 202, 203, 204, 207, 208, 209, 210, 212, 215, 217, 220, 221, 223, 224, 227, 235, 236, 237, 238, 240, 243, 245, 248, 258, 259, 260, 261, 262, 272, 275, 277, 279, 282, 283, 284, 293, 296, 298, 300, 301, 302, 304, 305, 306, 308, 311], "summary": {"covered_lines": 134, "num_statements": 192, "percent_covered": 69.79166666666667, "percent_covered_display": "70", "missing_lines": 58, "excluded_lines": 0}, "missing_lines": [10, 11, 102, 103, 104, 105, 106, 107, 144, 145, 146, 147, 148, 149, 265, 266, 267, 268, 269, 270, 286, 287, 288, 289, 290, 291, 312, 313, 314, 315, 317, 319, 320, 321, 322, 323, 324, 325, 326, 327, 328, 331, 332, 333, 334, 335, 336, 337, 338, 339, 341, 342, 343, 344, 345, 346, 347, 348], "excluded_lines": []}}}, "tests/unit/test_websocket_events.py": {"executed_lines": [1, 8, 9, 10, 13, 14, 16, 18, 20, 25, 26, 28, 35, 38, 39, 42, 45, 48, 50, 55, 56, 58, 67, 70, 71, 73, 74, 75, 76, 77, 78, 80, 85, 86, 88, 90, 93, 94, 96, 97, 98, 100, 105, 106, 108, 109, 111, 114, 115, 117, 118, 120, 125, 126, 128, 130, 133, 134, 136, 138, 143, 144, 146, 148, 151, 152, 154, 155, 156, 158, 163, 164, 166, 167, 169, 172, 173, 175, 176, 178, 183, 184, 186, 189, 190, 193, 196, 199, 200, 201, 203, 208, 209, 217, 218, 219, 220, 221, 225, 230, 231, 233, 234, 242, 243, 244, 245, 246, 251, 252, 254, 256, 257, 258, 259, 260, 262, 267, 268, 269, 295, 300, 301, 302, 327, 332, 333, 334, 335, 363, 368, 369, 371, 372, 375, 376, 377, 378, 379, 381, 392, 397, 398, 399, 400, 428, 433, 434, 436, 437, 440, 441, 442, 443, 444, 446, 457, 462, 463, 464, 490, 495, 496, 497, 528, 533, 534, 536, 537, 540, 541, 542, 543, 544, 546, 557, 562, 563, 564, 591], "summary": {"covered_lines": 177, "num_statements": 301, "percent_covered": 58.80398671096346, "percent_covered_display": "59", "missing_lines": 124, "excluded_lines": 0}, "missing_lines": [222, 223, 247, 248, 270, 273, 274, 277, 278, 279, 280, 281, 283, 286, 289, 290, 291, 292, 293, 303, 306, 307, 310, 311, 312, 313, 314, 316, 319, 322, 323, 324, 325, 336, 339, 340, 343, 344, 345, 346, 347, 349, 352, 355, 358, 359, 360, 361, 384, 387, 388, 389, 390, 401, 404, 405, 408, 409, 410, 411, 412, 414, 417, 420, 423, 424, 425, 426, 449, 452, 453, 454, 455, 465, 466, 469, 470, 473, 474, 475, 476, 477, 479, 482, 485, 486, 487, 488, 498, 499, 500, 501, 504, 505, 508, 509, 510, 511, 512, 514, 517, 520, 523, 526, 549, 552, 553, 554, 555, 566, 569, 570, 573, 574, 575, 576, 577, 579, 582, 585, 586, 587, 588, 592], "excluded_lines": [], "functions": {"TestWebSocketEmitters.setUp": {"executed_lines": [18], "summary": {"covered_lines": 1, "num_statements": 1, "percent_covered": 100.0, "percent_covered_display": "100", "missing_lines": 0, "excluded_lines": 0}, "missing_lines": [], "excluded_lines": []}, "TestWebSocketEmitters.test_emit_job_progress_broadcasts_to_correct_room": {"executed_lines": [25, 26, 28, 35, 38, 39, 42, 45, 48], "summary": {"covered_lines": 9, "num_statements": 9, "percent_covered": 100.0, "percent_covered_display": "100", "missing_lines": 0, "excluded_lines": 0}, "missing_lines": [], "excluded_lines": []}, "TestWebSocketEmitters.test_emit_job_progress_includes_all_progress_data_fields": {"executed_lines": [55, 56, 58, 67, 70, 71, 73, 74, 75, 76, 77, 78], "summary": {"covered_lines": 12, "num_statements": 12, "percent_covered": 100.0, "percent_covered_display": "100", "missing_lines": 0, "excluded_lines": 0}, "missing_lines": [], "excluded_lines": []}, "TestWebSocketEmitters.test_emit_job_completed_includes_download_url": {"executed_lines": [85, 86, 88, 90, 93, 94, 96, 97, 98], "summary": {"covered_lines": 9, "num_statements": 9, "percent_covered": 100.0, "percent_covered_display": "100", "missing_lines": 0, "excluded_lines": 0}, "missing_lines": [], "excluded_lines": []}, "TestWebSocketEmitters.test_emit_job_completed_includes_expire_at_when_provided": {"executed_lines": [105, 106, 108, 109, 111, 114, 115, 117, 118], "summary": {"covered_lines": 9, "num_statements": 9, "percent_covered": 100.0, "percent_covered_display": "100", "missing_lines": 0, "excluded_lines": 0}, "missing_lines": [], "excluded_lines": []}, "TestWebSocketEmitters.test_emit_job_completed_omits_expire_at_when_none": {"executed_lines": [125, 126, 128, 130, 133, 134, 136], "summary": {"covered_lines": 7, "num_statements": 7, "percent_covered": 100.0, "percent_covered_display": "100", "missing_lines": 0, "excluded_lines": 0}, "missing_lines": [], "excluded_lines": []}, "TestWebSocketEmitters.test_emit_job_failed_includes_error_message": {"executed_lines": [143, 144, 146, 148, 151, 152, 154, 155, 156], "summary": {"covered_lines": 9, "num_statements": 9, "percent_covered": 100.0, "percent_covered_display": "100", "missing_lines": 0, "excluded_lines": 0}, "missing_lines": [], "excluded_lines": []}, "TestWebSocketEmitters.test_emit_job_failed_includes_error_category_when_provided": {"executed_lines": [163, 164, 166, 167, 169, 172, 173, 175, 176], "summary": {"covered_lines": 9, "num_statements": 9, "percent_covered": 100.0, "percent_covered_display": "100", "missing_lines": 0, "excluded_lines": 0}, "missing_lines": [], "excluded_lines": []}, "TestWebSocketEmitters.test_emit_job_cancelled_broadcasts_to_correct_room": {"executed_lines": [183, 184, 186, 189, 190, 193, 196, 199, 200, 201], "summary": {"covered_lines": 10, "num_statements": 10, "percent_covered": 100.0, "percent_covered_display": "100", "missing_lines": 0, "excluded_lines": 0}, "missing_lines": [], "excluded_lines": []}, "TestWebSocketEmitters.test_emit_functions_handle_socketio_none_gracefully": {"executed_lines": [208, 209, 217, 218, 219, 220, 221], "summary": {"covered_lines": 7, "num_statements": 9, "percent_covered": 77.77777777777777, "percent_covered_display": "78", "missing_lines": 2, "excluded_lines": 0}, "missing_lines": [222, 223], "excluded_lines": []}, "TestWebSocketEmitters.test_emit_functions_handle_exceptions_without_crashing": {"executed_lines": [230, 231, 233, 234, 242, 243, 244, 245, 246], "summary": {"covered_lines": 9, "num_statements": 11, "percent_covered": 81.81818181818181, "percent_covered_display": "82", "missing_lines": 2, "excluded_lines": 0}, "missing_lines": [247, 248], "excluded_lines": []}, "TestWebSocketEventHandlers.setUp": {"executed_lines": [256, 257, 258, 259, 260], "summary": {"covered_lines": 5, "num_statements": 5, "percent_covered": 100.0, "percent_covered_display": "100", "missing_lines": 0, "excluded_lines": 0}, "missing_lines": [], "excluded_lines": []}, "TestWebSocketEventHandlers.test_handle_connect_emits_connected_event_with_client_id": {"executed_lines": [267, 268, 269], "summary": {"covered_lines": 3, "num_statements": 18, "percent_covered": 16.666666666666668, "percent_covered_display": "17", "missing_lines": 15, "excluded_lines": 0}, "missing_lines": [270, 273, 274, 277, 278, 279, 280, 281, 283, 286, 289, 290, 291, 292, 293], "excluded_lines": []}, "TestWebSocketEventHandlers.test_handle_disconnect_logs_client_disconnection": {"executed_lines": [300, 301, 302], "summary": {"covered_lines": 3, "num_statements": 17, "percent_covered": 17.647058823529413, "percent_covered_display": "18", "missing_lines": 14, "excluded_lines": 0}, "missing_lines": [303, 306, 307, 310, 311, 312, 313, 314, 316, 319, 322, 323, 324, 325], "excluded_lines": []}, "TestWebSocketEventHandlers.test_subscribe_job_joins_room_and_emits_subscribed_event": {"executed_lines": [332, 333, 334, 335], "summary": {"covered_lines": 4, "num_statements": 19, "percent_covered": 21.05263157894737, "percent_covered_display": "21", "missing_lines": 15, "excluded_lines": 0}, "missing_lines": [336, 339, 340, 343, 344, 345, 346, 347, 349, 352, 355, 358, 359, 360, 361], "excluded_lines": []}, "TestWebSocketEventHandlers.test_subscribe_job_with_missing_job_id_emits_error": {"executed_lines": [368, 369, 371, 372, 375, 376, 377, 378, 379, 381], "summary": {"covered_lines": 10, "num_statements": 15, "percent_covered": 66.66666666666667, "percent_covered_display": "67", "missing_lines": 5, "excluded_lines": 0}, "missing_lines": [384, 387, 388, 389, 390], "excluded_lines": []}, "TestWebSocketEventHandlers.test_unsubscribe_job_leaves_room_and_emits_unsubscribed_event": {"executed_lines": [397, 398, 399, 400], "summary": {"covered_lines": 4, "num_statements": 19, "percent_covered": 21.05263157894737, "percent_covered_display": "21", "missing_lines": 15, "excluded_lines": 0}, "missing_lines": [401, 404, 405, 408, 409, 410, 411, 412, 414, 417, 420, 423, 424, 425, 426], "excluded_lines": []}, "TestWebSocketEventHandlers.test_unsubscribe_job_with_missing_job_id_emits_error": {"executed_lines": [433, 434, 436, 437, 440, 441, 442, 443, 444, 446], "summary": {"covered_lines": 10, "num_statements": 15, "percent_covered": 66.66666666666667, "percent_covered_display": "67", "missing_lines": 5, "excluded_lines": 0}, "missing_lines": [449, 452, 453, 454, 455], "excluded_lines": []}, "TestWebSocketEventHandlers.test_ping_responds_with_pong_event": {"executed_lines": [462, 463, 464], "summary": {"covered_lines": 3, "num_statements": 18, "percent_covered": 16.666666666666668, "percent_covered_display": "17", "missing_lines": 15, "excluded_lines": 0}, "missing_lines": [465, 466, 469, 470, 473, 474, 475, 476, 477, 479, 482, 485, 486, 487, 488], "excluded_lines": []}, "TestWebSocketEventHandlers.test_cancel_job_deletes_job_and_broadcasts_cancellation": {"executed_lines": [495, 496, 497], "summary": {"covered_lines": 3, "num_statements": 19, "percent_covered": 15.789473684210526, "percent_covered_display": "16", "missing_lines": 16, "excluded_lines": 0}, "missing_lines": [498, 499, 500, 501, 504, 505, 508, 509, 510, 511, 512, 514, 517, 520, 523, 526], "excluded_lines": []}, "TestWebSocketEventHandlers.test_cancel_job_with_missing_job_id_emits_error": {"executed_lines": [533, 534, 536, 537, 540, 541, 542, 543, 544, 546], "summary": {"covered_lines": 10, "num_statements": 15, "percent_covered": 66.66666666666667, "percent_covered_display": "67", "missing_lines": 5, "excluded_lines": 0}, "missing_lines": [549, 552, 553, 554, 555], "excluded_lines": []}, "TestWebSocketEventHandlers.test_cancel_job_handles_service_unavailable_gracefully": {"executed_lines": [562, 563, 564], "summary": {"covered_lines": 3, "num_statements": 17, "percent_covered": 17.647058823529413, "percent_covered_display": "18", "missing_lines": 14, "excluded_lines": 0}, "missing_lines": [566, 569, 570, 573, 574, 575, 576, 577, 579, 582, 585, 586, 587, 588], "excluded_lines": []}, "": {"executed_lines": [1, 8, 9, 10, 13, 14, 16, 20, 50, 80, 100, 120, 138, 158, 178, 203, 225, 251, 252, 254, 262, 295, 327, 363, 392, 428, 457, 490, 528, 557, 591], "summary": {"covered_lines": 28, "num_statements": 29, "percent_covered": 96.55172413793103, "percent_covered_display": "97", "missing_lines": 1, "excluded_lines": 0}, "missing_lines": [592], "excluded_lines": []}}, "classes": {"TestWebSocketEmitters": {"executed_lines": [18, 25, 26, 28, 35, 38, 39, 42, 45, 48, 55, 56, 58, 67, 70, 71, 73, 74, 75, 76, 77, 78, 85, 86, 88, 90, 93, 94, 96, 97, 98, 105, 106, 108, 109, 111, 114, 115, 117, 118, 125, 126, 128, 130, 133, 134, 136, 143, 144, 146, 148, 151, 152, 154, 155, 156, 163, 164, 166, 167, 169, 172, 173, 175, 176, 183, 184, 186, 189, 190, 193, 196, 199, 200, 201, 208, 209, 217, 218, 219, 220, 221, 230, 231, 233, 234, 242, 243, 244, 245, 246], "summary": {"covered_lines": 91, "num_statements": 95, "percent_covered": 95.78947368421052, "percent_covered_display": "96", "missing_lines": 4, "excluded_lines": 0}, "missing_lines": [222, 223, 247, 248], "excluded_lines": []}, "TestWebSocketEventHandlers": {"executed_lines": [256, 257, 258, 259, 260, 267, 268, 269, 300, 301, 302, 332, 333, 334, 335, 368, 369, 371, 372, 375, 376, 377, 378, 379, 381, 397, 398, 399, 400, 433, 434, 436, 437, 440, 441, 442, 443, 444, 446, 462, 463, 464, 495, 496, 497, 533, 534, 536, 537, 540, 541, 542, 543, 544, 546, 562, 563, 564], "summary": {"covered_lines": 58, "num_statements": 177, "percent_covered": 32.76836158192091, "percent_covered_display": "33", "missing_lines": 119, "excluded_lines": 0}, "missing_lines": [270, 273, 274, 277, 278, 279, 280, 281, 283, 286, 289, 290, 291, 292, 293, 303, 306, 307, 310, 311, 312, 313, 314, 316, 319, 322, 323, 324, 325, 336, 339, 340, 343, 344, 345, 346, 347, 349, 352, 355, 358, 359, 360, 361, 384, 387, 388, 389, 390, 401, 404, 405, 408, 409, 410, 411, 412, 414, 417, 420, 423, 424, 425, 426, 449, 452, 453, 454, 455, 465, 466, 469, 470, 473, 474, 475, 476, 477, 479, 482, 485, 486, 487, 488, 498, 499, 500, 501, 504, 505, 508, 509, 510, 511, 512, 514, 517, 520, 523, 526, 549, 552, 553, 554, 555, 566, 569, 570, 573, 574, 575, 576, 577, 579, 582, 585, 586, 587, 588], "excluded_lines": []}, "": {"executed_lines": [1, 8, 9, 10, 13, 14, 16, 20, 50, 80, 100, 120, 138, 158, 178, 203, 225, 251, 252, 254, 262, 295, 327, 363, 392, 428, 457, 490, 528, 557, 591], "summary": {"covered_lines": 28, "num_statements": 29, "percent_covered": 96.55172413793103, "percent_covered_display": "97", "missing_lines": 1, "excluded_lines": 0}, "missing_lines": [592], "excluded_lines": []}}}, "websocket_events.py": {"executed_lines": [1, 7, 9, 10, 11, 13, 16, 23, 25, 29, 30, 36, 37, 42, 43, 63, 64, 87, 88, 92, 93, 132, 135, 143, 145, 146, 148, 150, 154, 156, 157, 160, 169, 171, 172, 174, 176, 183, 184, 187, 193, 195, 196, 199, 208, 210, 211, 213, 215, 217, 218, 220, 222, 224, 225, 228, 235, 237, 238, 240, 242, 244, 246, 247], "summary": {"covered_lines": 63, "num_statements": 107, "percent_covered": 58.87850467289719, "percent_covered_display": "59", "missing_lines": 44, "excluded_lines": 0}, "missing_lines": [26, 27, 32, 33, 34, 39, 40, 50, 52, 53, 54, 57, 58, 60, 61, 71, 73, 74, 75, 78, 79, 81, 82, 90, 100, 102, 104, 105, 106, 108, 110, 111, 112, 113, 116, 118, 119, 120, 121, 124, 126, 128, 129, 130], "excluded_lines": [], "functions": {"register_socketio_events": {"executed_lines": [23, 25, 29, 30, 36, 37, 42, 43, 63, 64, 87, 88, 92, 93, 132], "summary": {"covered_lines": 15, "num_statements": 17, "percent_covered": 88.23529411764706, "percent_covered_display": "88", "missing_lines": 2, "excluded_lines": 0}, "missing_lines": [26, 27], "excluded_lines": []}, "register_socketio_events.handle_connect": {"executed_lines": [], "summary": {"covered_lines": 0, "num_statements": 3, "percent_covered": 0.0, "percent_covered_display": "0", "missing_lines": 3, "excluded_lines": 0}, "missing_lines": [32, 33, 34], "excluded_lines": []}, "register_socketio_events.handle_disconnect": {"executed_lines": [], "summary": {"covered_lines": 0, "num_statements": 2, "percent_covered": 0.0, "percent_covered_display": "0", "missing_lines": 2, "excluded_lines": 0}, "missing_lines": [39, 40], "excluded_lines": []}, "register_socketio_events.handle_subscribe_job": {"executed_lines": [], "summary": {"covered_lines": 0, "num_statements": 8, "percent_covered": 0.0, "percent_covered_display": "0", "missing_lines": 8, "excluded_lines": 0}, "missing_lines": [50, 52, 53, 54, 57, 58, 60, 61], "excluded_lines": []}, "register_socketio_events.handle_unsubscribe_job": {"executed_lines": [], "summary": {"covered_lines": 0, "num_statements": 8, "percent_covered": 0.0, "percent_covered_display": "0", "missing_lines": 8, "excluded_lines": 0}, "missing_lines": [71, 73, 74, 75, 78, 79, 81, 82], "excluded_lines": []}, "register_socketio_events.handle_ping": {"executed_lines": [], "summary": {"covered_lines": 0, "num_statements": 1, "percent_covered": 0.0, "percent_covered_display": "0", "missing_lines": 1, "excluded_lines": 0}, "missing_lines": [90], "excluded_lines": []}, "register_socketio_events.handle_cancel_job": {"executed_lines": [], "summary": {"covered_lines": 0, "num_statements": 20, "percent_covered": 0.0, "percent_covered_display": "0", "missing_lines": 20, "excluded_lines": 0}, "missing_lines": [100, 102, 104, 105, 106, 108, 110, 111, 112, 113, 116, 118, 119, 120, 121, 124, 126, 128, 129, 130], "excluded_lines": []}, "emit_job_progress": {"executed_lines": [143, 145, 146, 148, 150, 154, 156, 157], "summary": {"covered_lines": 8, "num_statements": 8, "percent_covered": 100.0, "percent_covered_display": "100", "missing_lines": 0, "excluded_lines": 0}, "missing_lines": [], "excluded_lines": []}, "emit_job_completed": {"executed_lines": [169, 171, 172, 174, 176, 183, 184, 187, 193, 195, 196], "summary": {"covered_lines": 11, "num_statements": 11, "percent_covered": 100.0, "percent_covered_display": "100", "missing_lines": 0, "excluded_lines": 0}, "missing_lines": [], "excluded_lines": []}, "emit_job_failed": {"executed_lines": [208, 210, 211, 213, 215, 217, 218, 220, 222, 224, 225], "summary": {"covered_lines": 11, "num_statements": 11, "percent_covered": 100.0, "percent_covered_display": "100", "missing_lines": 0, "excluded_lines": 0}, "missing_lines": [], "excluded_lines": []}, "emit_job_cancelled": {"executed_lines": [235, 237, 238, 240, 242, 244, 246, 247], "summary": {"covered_lines": 8, "num_statements": 8, "percent_covered": 100.0, "percent_covered_display": "100", "missing_lines": 0, "excluded_lines": 0}, "missing_lines": [], "excluded_lines": []}, "": {"executed_lines": [1, 7, 9, 10, 11, 13, 16, 135, 160, 199, 228], "summary": {"covered_lines": 10, "num_statements": 10, "percent_covered": 100.0, "percent_covered_display": "100", "missing_lines": 0, "excluded_lines": 0}, "missing_lines": [], "excluded_lines": []}}, "classes": {"": {"executed_lines": [1, 7, 9, 10, 11, 13, 16, 23, 25, 29, 30, 36, 37, 42, 43, 63, 64, 87, 88, 92, 93, 132, 135, 143, 145, 146, 148, 150, 154, 156, 157, 160, 169, 171, 172, 174, 176, 183, 184, 187, 193, 195, 196, 199, 208, 210, 211, 213, 215, 217, 218, 220, 222, 224, 225, 228, 235, 237, 238, 240, 242, 244, 246, 247], "summary": {"covered_lines": 63, "num_statements": 107, "percent_covered": 58.87850467289719, "percent_covered_display": "59", "missing_lines": 44, "excluded_lines": 0}, "missing_lines": [26, 27, 32, 33, 34, 39, 40, 50, 52, 53, 54, 57, 58, 60, 61, 71, 73, 74, 75, 78, 79, 81, 82, 90, 100, 102, 104, 105, 106, 108, 110, 111, 112, 113, 116, 118, 119, 120, 121, 124, 126, 128, 129, 130], "excluded_lines": []}}}}, "totals": {"covered_lines": 9704, "num_statements": 11972, "percent_covered": 81.05579685933846, "percent_covered_display": "81", "missing_lines": 2268, "excluded_lines": 8}}